2019-05-08 00:00:43,968 - Trying to use logger class org.apache.velocity.runtime.log.Log4JLogChute
2019-05-08 00:00:43,969 - Using logger class org.apache.velocity.runtime.log.Log4JLogChute
2019-05-08 00:00:43,974 - Default ResourceManager initializing. (class org.apache.velocity.runtime.resource.ResourceManagerImpl)
2019-05-08 00:00:43,977 - ResourceLoader instantiated: org.apache.velocity.runtime.resource.loader.FileResourceLoader
2019-05-08 00:00:43,978 - Do unicode file recognition:  false
2019-05-08 00:00:43,978 - FileResourceLoader : adding path '.'
2019-05-08 00:00:43,993 - ResourceCache: initialized (class org.apache.velocity.runtime.resource.ResourceCacheImpl)
2019-05-08 00:00:43,995 - Loaded System Directive: org.apache.velocity.runtime.directive.Literal
2019-05-08 00:00:43,997 - Loaded System Directive: org.apache.velocity.runtime.directive.Macro
2019-05-08 00:00:43,999 - Loaded System Directive: org.apache.velocity.runtime.directive.Parse
2019-05-08 00:00:44,000 - Loaded System Directive: org.apache.velocity.runtime.directive.Include
2019-05-08 00:00:44,001 - Loaded System Directive: org.apache.velocity.runtime.directive.Foreach
2019-05-08 00:00:44,025 - Created '20' parsers.
2019-05-08 00:00:44,030 - Velocimacro : "velocimacro.library" is not set.  Trying default library: VM_global_library.vm
2019-05-08 00:00:44,031 - Velocimacro : Default library not found.
2019-05-08 00:00:44,031 - Velocimacro : allowInline = true : VMs can be defined inline in templates
2019-05-08 00:00:44,031 - Velocimacro : allowInlineToOverride = false : VMs defined inline may NOT replace previous VM definitions
2019-05-08 00:00:44,031 - Velocimacro : allowInlineLocal = false : VMs defined inline will be global in scope if allowed.
2019-05-08 00:00:44,031 - Velocimacro : autoload off : VM system will not automatically reload global library macros
2019-05-08 00:00:44,132 - Null reference [template 'tklLoader.xml', line 82, column 97] : ${usage} cannot be resolved.
2019-05-08 00:00:45,578 - Left side ($dependsOnExists) of '==' operation has null value. If a reference, it may not be in the context. Operation not possible. modelLoader [line 34, column 23]
2019-05-08 00:00:45,578 - Null reference [template 'modelLoader', line 49, column 67] : $xml0ESFileAsPath cannot be resolved.
2019-05-08 00:00:45,578 - Null reference [template 'modelLoader', line 50, column 61] : $attachFileAsPath cannot be resolved.
2019-05-08 00:00:46,213 - Null reference [template 'view-parametrages', line 129, column 140] : ${body} cannot be resolved.
2019-05-08 00:00:46,214 - Null reference [template 'view-parametrages', line 271, column 91] : ${description} cannot be resolved.
2019-05-08 00:00:46,220 - Null reference [template 'Parametrages-ini', line 78, column 41] : ${message.momentLabel} cannot be resolved.
2019-05-08 00:00:46,220 - Null reference [template 'Parametrages-ini', line 78, column 67] : $message.activityLabel cannot be resolved.
2019-05-08 00:00:46,220 - Null reference [template 'Parametrages-ini', line 78, column 95] : $message.sequence cannot be resolved.
2019-05-08 00:00:46,220 - Null reference [template 'Parametrages-ini', line 95, column 83] : $message.activityLabel cannot be resolved.
2019-05-08 00:00:46,220 - Null reference [template 'Parametrages-ini', line 96, column 34] : $message.sequence cannot be resolved.
2019-05-08 00:00:46,220 - Left side (${moment}) of '==' operation has null value. If a reference, it may not be in the context. Operation not possible. Parametrages-ini [line 99, column 49]
2019-05-08 00:00:46,220 - Null reference [template 'Parametrages-ini', line 102, column 48] : $message.dateCreation cannot be resolved.
2019-05-08 00:00:46,220 - Null reference [template 'Parametrages-ini', line 110, column 49] : $message.modelName cannot be resolved.
2019-05-08 00:00:46,220 - Null reference [template 'Parametrages-ini', line 121, column 46] : $message.processName cannot be resolved.
2019-05-08 00:00:46,220 - Null reference [template 'Parametrages-ini', line 131, column 107] : $message.activityLabel cannot be resolved.
2019-05-08 00:00:46,220 - Null reference [template 'Parametrages-ini', line 139, column 107] : $message.momentLabel cannot be resolved.
2019-05-08 00:00:46,220 - Null reference [template 'Parametrages-ini', line 147, column 86] : $role cannot be resolved.
2019-05-08 00:00:46,220 - Null reference [template 'Parametrages-ini', line 150, column 62] : ${frontEndLink} cannot be resolved.
2019-05-08 00:00:46,220 - Null reference [template 'Parametrages-ini', line 150, column 114] : ${message.dataObjectId} cannot be resolved.
2019-05-08 00:00:46,220 - Null reference [template 'Parametrages-ini', line 185, column 24] : $message.sequence cannot be resolved.
2019-05-08 00:00:46,220 - Null reference [template 'Parametrages-ini', line 185, column 44] : ${message.momentLabel} cannot be resolved.
2019-05-08 00:00:46,220 - Null reference [template 'Parametrages-ini', line 185, column 81] : $message.activityLabel cannot be resolved.
2019-05-08 00:00:46,220 - Null reference [template 'Parametrages-ini', line 240, column 28] : $pv.cps.getConfigparam().size() cannot be resolved.
2019-05-08 00:01:05,730 - Log4JLogChute initialized using file 'velocity.log'
2019-05-08 00:01:05,731 - Velocity was not initialized! Calling init()...
2019-05-08 00:01:05,731 - Starting Apache Velocity v1.5 (compiled: 2007-02-22 08:52:29)
2019-05-08 00:01:05,732 - Default Properties File: org\apache\velocity\runtime\defaults\velocity.properties
2019-05-08 00:01:05,732 - Trying to use logger class org.apache.velocity.runtime.log.AvalonLogChute
2019-05-08 00:01:05,733 - Couldn't find class org.apache.velocity.runtime.log.AvalonLogChute or necessary supporting classes in classpath.
java.lang.NoClassDefFoundError: org/apache/log/format/Formatter
	at java.lang.Class.forName0(Native Method)
	at java.lang.Class.forName(Class.java:348)
	at org.apache.velocity.util.ClassUtils.getClass(ClassUtils.java:63)
	at org.apache.velocity.util.ClassUtils.getNewInstance(ClassUtils.java:95)
	at org.apache.velocity.runtime.log.LogManager.createLogChute(LogManager.java:147)
	at org.apache.velocity.runtime.log.LogManager.updateLog(LogManager.java:208)
	at org.apache.velocity.runtime.RuntimeInstance.initializeLog(RuntimeInstance.java:728)
	at org.apache.velocity.runtime.RuntimeInstance.init(RuntimeInstance.java:240)
	at org.apache.velocity.runtime.RuntimeInstance.parse(RuntimeInstance.java:993)
	at org.apache.velocity.runtime.RuntimeInstance.parse(RuntimeInstance.java:972)
	at karaz.tools.kbuilder.Helper.loadTemplate(Helper.java:52)
	at karaz.tools.kbuilder.ModelBuilder.buildJxFactory(ModelBuilder.java:195)
	at karaz.tools.kbuilder.ModelBuilder.buildFromXsd(ModelBuilder.java:176)
	at karaz.tools.kbuilder.ModuleBuilder.build(ModuleBuilder.java:126)
	at karaz.tools.kbuilder.mojo.Builder.execute(Builder.java:109)
	at karaz.tools.kbuilder.mojo.BuildModel.execute(BuildModel.java:17)
	at org.apache.maven.plugin.DefaultBuildPluginManager.executeMojo(DefaultBuildPluginManager.java:134)
	at org.apache.maven.lifecycle.internal.MojoExecutor.execute(MojoExecutor.java:207)
	at org.apache.maven.lifecycle.internal.MojoExecutor.execute(MojoExecutor.java:153)
	at org.apache.maven.lifecycle.internal.MojoExecutor.execute(MojoExecutor.java:145)
	at org.apache.maven.lifecycle.internal.LifecycleModuleBuilder.buildProject(LifecycleModuleBuilder.java:116)
	at org.apache.maven.lifecycle.internal.LifecycleModuleBuilder.buildProject(LifecycleModuleBuilder.java:80)
	at org.apache.maven.lifecycle.internal.builder.singlethreaded.SingleThreadedBuilder.build(SingleThreadedBuilder.java:51)
	at org.apache.maven.lifecycle.internal.LifecycleStarter.execute(LifecycleStarter.java:128)
	at org.apache.maven.DefaultMaven.doExecute(DefaultMaven.java:307)
	at org.apache.maven.DefaultMaven.doExecute(DefaultMaven.java:193)
	at org.apache.maven.DefaultMaven.execute(DefaultMaven.java:106)
	at org.apache.maven.cli.MavenCli.execute(MavenCli.java:863)
	at org.apache.maven.cli.MavenCli.doMain(MavenCli.java:288)
	at org.apache.maven.cli.MavenCli.main(MavenCli.java:199)
	at sun.reflect.NativeMethodAccessorImpl.invoke0(Native Method)
	at sun.reflect.NativeMethodAccessorImpl.invoke(NativeMethodAccessorImpl.java:62)
	at sun.reflect.DelegatingMethodAccessorImpl.invoke(DelegatingMethodAccessorImpl.java:43)
	at java.lang.reflect.Method.invoke(Method.java:498)
	at org.codehaus.plexus.classworlds.launcher.Launcher.launchEnhanced(Launcher.java:289)
	at org.codehaus.plexus.classworlds.launcher.Launcher.launch(Launcher.java:229)
	at org.codehaus.plexus.classworlds.launcher.Launcher.mainWithExitCode(Launcher.java:415)
	at org.codehaus.plexus.classworlds.launcher.Launcher.main(Launcher.java:356)
Caused by: java.lang.ClassNotFoundException: org.apache.log.format.Formatter
	at org.codehaus.plexus.classworlds.strategy.SelfFirstStrategy.loadClass(SelfFirstStrategy.java:50)
	at org.codehaus.plexus.classworlds.realm.ClassRealm.unsynchronizedLoadClass(ClassRealm.java:271)
	at org.codehaus.plexus.classworlds.realm.ClassRealm.loadClass(ClassRealm.java:247)
	at org.codehaus.plexus.classworlds.realm.ClassRealm.loadClass(ClassRealm.java:239)
	... 38 more
2019-05-08 00:01:05,739 - Trying to use logger class org.apache.velocity.runtime.log.Log4JLogChute
2019-05-08 00:01:05,739 - Using logger class org.apache.velocity.runtime.log.Log4JLogChute
2019-05-08 00:01:05,748 - Default ResourceManager initializing. (class org.apache.velocity.runtime.resource.ResourceManagerImpl)
2019-05-08 00:01:05,756 - ResourceLoader instantiated: org.apache.velocity.runtime.resource.loader.FileResourceLoader
2019-05-08 00:01:05,761 - Do unicode file recognition:  false
2019-05-08 00:01:05,761 - FileResourceLoader : adding path '.'
2019-05-08 00:01:05,798 - ResourceCache: initialized (class org.apache.velocity.runtime.resource.ResourceCacheImpl)
2019-05-08 00:01:05,801 - Loaded System Directive: org.apache.velocity.runtime.directive.Literal
2019-05-08 00:01:05,805 - Loaded System Directive: org.apache.velocity.runtime.directive.Macro
2019-05-08 00:01:05,808 - Loaded System Directive: org.apache.velocity.runtime.directive.Parse
2019-05-08 00:01:05,811 - Loaded System Directive: org.apache.velocity.runtime.directive.Include
2019-05-08 00:01:05,814 - Loaded System Directive: org.apache.velocity.runtime.directive.Foreach
2019-05-08 00:01:05,906 - Created '20' parsers.
2019-05-08 00:01:05,925 - Velocimacro : "velocimacro.library" is not set.  Trying default library: VM_global_library.vm
2019-05-08 00:01:05,927 - Velocimacro : Default library not found.
2019-05-08 00:01:05,927 - Velocimacro : allowInline = true : VMs can be defined inline in templates
2019-05-08 00:01:05,927 - Velocimacro : allowInlineToOverride = false : VMs defined inline may NOT replace previous VM definitions
2019-05-08 00:01:05,927 - Velocimacro : allowInlineLocal = false : VMs defined inline will be global in scope if allowed.
2019-05-08 00:01:05,927 - Velocimacro : autoload off : VM system will not automatically reload global library macros
2019-05-08 00:01:06,147 - Null reference [template 'tklLoader.xml', line 82, column 97] : ${usage} cannot be resolved.
2019-05-08 00:01:08,155 - Left side ($dependsOnExists) of '==' operation has null value. If a reference, it may not be in the context. Operation not possible. modelLoader [line 34, column 23]
2019-05-08 00:01:08,156 - Null reference [template 'modelLoader', line 49, column 67] : $xml0ESFileAsPath cannot be resolved.
2019-05-08 00:01:08,156 - Null reference [template 'modelLoader', line 50, column 61] : $attachFileAsPath cannot be resolved.
2019-05-08 00:01:09,784 - Null reference [template 'view-parametrages', line 129, column 140] : ${body} cannot be resolved.
2019-05-08 00:01:09,785 - Null reference [template 'view-parametrages', line 271, column 91] : ${description} cannot be resolved.
2019-05-08 00:01:09,808 - Null reference [template 'Parametrages-ini', line 78, column 41] : ${message.momentLabel} cannot be resolved.
2019-05-08 00:01:09,808 - Null reference [template 'Parametrages-ini', line 78, column 67] : $message.activityLabel cannot be resolved.
2019-05-08 00:01:09,809 - Null reference [template 'Parametrages-ini', line 78, column 95] : $message.sequence cannot be resolved.
2019-05-08 00:01:09,809 - Null reference [template 'Parametrages-ini', line 95, column 83] : $message.activityLabel cannot be resolved.
2019-05-08 00:01:09,809 - Null reference [template 'Parametrages-ini', line 96, column 34] : $message.sequence cannot be resolved.
2019-05-08 00:01:09,809 - Left side (${moment}) of '==' operation has null value. If a reference, it may not be in the context. Operation not possible. Parametrages-ini [line 99, column 49]
2019-05-08 00:01:09,810 - Null reference [template 'Parametrages-ini', line 102, column 48] : $message.dateCreation cannot be resolved.
2019-05-08 00:01:09,810 - Null reference [template 'Parametrages-ini', line 110, column 49] : $message.modelName cannot be resolved.
2019-05-08 00:01:09,810 - Null reference [template 'Parametrages-ini', line 121, column 46] : $message.processName cannot be resolved.
2019-05-08 00:01:09,810 - Null reference [template 'Parametrages-ini', line 131, column 107] : $message.activityLabel cannot be resolved.
2019-05-08 00:01:09,810 - Null reference [template 'Parametrages-ini', line 139, column 107] : $message.momentLabel cannot be resolved.
2019-05-08 00:01:09,810 - Null reference [template 'Parametrages-ini', line 147, column 86] : $role cannot be resolved.
2019-05-08 00:01:09,811 - Null reference [template 'Parametrages-ini', line 150, column 62] : ${frontEndLink} cannot be resolved.
2019-05-08 00:01:09,811 - Null reference [template 'Parametrages-ini', line 150, column 114] : ${message.dataObjectId} cannot be resolved.
2019-05-08 00:01:09,811 - Null reference [template 'Parametrages-ini', line 185, column 24] : $message.sequence cannot be resolved.
2019-05-08 00:01:09,811 - Null reference [template 'Parametrages-ini', line 185, column 44] : ${message.momentLabel} cannot be resolved.
2019-05-08 00:01:09,811 - Null reference [template 'Parametrages-ini', line 185, column 81] : $message.activityLabel cannot be resolved.
2019-05-08 00:01:09,812 - Null reference [template 'Parametrages-ini', line 240, column 28] : $pv.cps.getConfigparam().size() cannot be resolved.
2019-05-08 01:48:35,911 - Log4JLogChute initialized using file 'velocity.log'
2019-05-08 01:48:35,912 - Velocity was not initialized! Calling init()...
2019-05-08 01:48:35,912 - Starting Apache Velocity v1.5 (compiled: 2007-02-22 08:52:29)
2019-05-08 01:48:35,912 - Default Properties File: org\apache\velocity\runtime\defaults\velocity.properties
2019-05-08 01:48:35,913 - Trying to use logger class org.apache.velocity.runtime.log.AvalonLogChute
2019-05-08 01:48:35,914 - Couldn't find class org.apache.velocity.runtime.log.AvalonLogChute or necessary supporting classes in classpath.
java.lang.NoClassDefFoundError: org/apache/log/format/Formatter
	at java.lang.Class.forName0(Native Method)
	at java.lang.Class.forName(Class.java:348)
	at org.apache.velocity.util.ClassUtils.getClass(ClassUtils.java:63)
	at org.apache.velocity.util.ClassUtils.getNewInstance(ClassUtils.java:95)
	at org.apache.velocity.runtime.log.LogManager.createLogChute(LogManager.java:147)
	at org.apache.velocity.runtime.log.LogManager.updateLog(LogManager.java:208)
	at org.apache.velocity.runtime.RuntimeInstance.initializeLog(RuntimeInstance.java:728)
	at org.apache.velocity.runtime.RuntimeInstance.init(RuntimeInstance.java:240)
	at org.apache.velocity.runtime.RuntimeInstance.parse(RuntimeInstance.java:993)
	at org.apache.velocity.runtime.RuntimeInstance.parse(RuntimeInstance.java:972)
	at karaz.tools.kbuilder.Helper.loadTemplate(Helper.java:52)
	at karaz.tools.kbuilder.ModelBuilder.buildJxFactory(ModelBuilder.java:195)
	at karaz.tools.kbuilder.ModelBuilder.buildFromXsd(ModelBuilder.java:176)
	at karaz.tools.kbuilder.ModuleBuilder.build(ModuleBuilder.java:126)
	at karaz.tools.kbuilder.mojo.Builder.execute(Builder.java:109)
	at karaz.tools.kbuilder.mojo.BuildAll.execute(BuildAll.java:17)
	at org.apache.maven.plugin.DefaultBuildPluginManager.executeMojo(DefaultBuildPluginManager.java:134)
	at org.apache.maven.lifecycle.internal.MojoExecutor.execute(MojoExecutor.java:207)
	at org.apache.maven.lifecycle.internal.MojoExecutor.execute(MojoExecutor.java:153)
	at org.apache.maven.lifecycle.internal.MojoExecutor.execute(MojoExecutor.java:145)
	at org.apache.maven.lifecycle.internal.LifecycleModuleBuilder.buildProject(LifecycleModuleBuilder.java:116)
	at org.apache.maven.lifecycle.internal.LifecycleModuleBuilder.buildProject(LifecycleModuleBuilder.java:80)
	at org.apache.maven.lifecycle.internal.builder.singlethreaded.SingleThreadedBuilder.build(SingleThreadedBuilder.java:51)
	at org.apache.maven.lifecycle.internal.LifecycleStarter.execute(LifecycleStarter.java:128)
	at org.apache.maven.DefaultMaven.doExecute(DefaultMaven.java:307)
	at org.apache.maven.DefaultMaven.doExecute(DefaultMaven.java:193)
	at org.apache.maven.DefaultMaven.execute(DefaultMaven.java:106)
	at org.apache.maven.cli.MavenCli.execute(MavenCli.java:863)
	at org.apache.maven.cli.MavenCli.doMain(MavenCli.java:288)
	at org.apache.maven.cli.MavenCli.main(MavenCli.java:199)
	at sun.reflect.NativeMethodAccessorImpl.invoke0(Native Method)
	at sun.reflect.NativeMethodAccessorImpl.invoke(NativeMethodAccessorImpl.java:62)
	at sun.reflect.DelegatingMethodAccessorImpl.invoke(DelegatingMethodAccessorImpl.java:43)
	at java.lang.reflect.Method.invoke(Method.java:498)
	at org.codehaus.plexus.classworlds.launcher.Launcher.launchEnhanced(Launcher.java:289)
	at org.codehaus.plexus.classworlds.launcher.Launcher.launch(Launcher.java:229)
	at org.codehaus.plexus.classworlds.launcher.Launcher.mainWithExitCode(Launcher.java:415)
	at org.codehaus.plexus.classworlds.launcher.Launcher.main(Launcher.java:356)
Caused by: java.lang.ClassNotFoundException: org.apache.log.format.Formatter
	at org.codehaus.plexus.classworlds.strategy.SelfFirstStrategy.loadClass(SelfFirstStrategy.java:50)
	at org.codehaus.plexus.classworlds.realm.ClassRealm.unsynchronizedLoadClass(ClassRealm.java:271)
	at org.codehaus.plexus.classworlds.realm.ClassRealm.loadClass(ClassRealm.java:247)
	at org.codehaus.plexus.classworlds.realm.ClassRealm.loadClass(ClassRealm.java:239)
	... 38 more
2019-05-08 01:48:35,919 - Trying to use logger class org.apache.velocity.runtime.log.Log4JLogChute
2019-05-08 01:48:35,920 - Using logger class org.apache.velocity.runtime.log.Log4JLogChute
2019-05-08 01:48:35,927 - Default ResourceManager initializing. (class org.apache.velocity.runtime.resource.ResourceManagerImpl)
2019-05-08 01:48:35,933 - ResourceLoader instantiated: org.apache.velocity.runtime.resource.loader.FileResourceLoader
2019-05-08 01:48:35,935 - Do unicode file recognition:  false
2019-05-08 01:48:35,936 - FileResourceLoader : adding path '.'
2019-05-08 01:48:35,967 - ResourceCache: initialized (class org.apache.velocity.runtime.resource.ResourceCacheImpl)
2019-05-08 01:48:35,969 - Loaded System Directive: org.apache.velocity.runtime.directive.Literal
2019-05-08 01:48:35,973 - Loaded System Directive: org.apache.velocity.runtime.directive.Macro
2019-05-08 01:48:35,976 - Loaded System Directive: org.apache.velocity.runtime.directive.Parse
2019-05-08 01:48:35,978 - Loaded System Directive: org.apache.velocity.runtime.directive.Include
2019-05-08 01:48:35,981 - Loaded System Directive: org.apache.velocity.runtime.directive.Foreach
2019-05-08 01:48:36,038 - Created '20' parsers.
2019-05-08 01:48:36,049 - Velocimacro : "velocimacro.library" is not set.  Trying default library: VM_global_library.vm
2019-05-08 01:48:36,050 - Velocimacro : Default library not found.
2019-05-08 01:48:36,050 - Velocimacro : allowInline = true : VMs can be defined inline in templates
2019-05-08 01:48:36,050 - Velocimacro : allowInlineToOverride = false : VMs defined inline may NOT replace previous VM definitions
2019-05-08 01:48:36,051 - Velocimacro : allowInlineLocal = false : VMs defined inline will be global in scope if allowed.
2019-05-08 01:48:36,051 - Velocimacro : autoload off : VM system will not automatically reload global library macros
2019-05-08 01:48:36,217 - Null reference [template 'tklLoader.xml', line 82, column 97] : ${usage} cannot be resolved.
2019-05-08 01:48:38,070 - Left side ($dependsOnExists) of '==' operation has null value. If a reference, it may not be in the context. Operation not possible. modelLoader [line 34, column 23]
2019-05-08 01:48:38,071 - Null reference [template 'modelLoader', line 49, column 67] : $xml0ESFileAsPath cannot be resolved.
2019-05-08 01:48:38,071 - Null reference [template 'modelLoader', line 50, column 61] : $attachFileAsPath cannot be resolved.
2019-05-08 01:48:39,909 - Null reference [template 'view-parametrages', line 129, column 140] : ${body} cannot be resolved.
2019-05-08 01:48:39,910 - Null reference [template 'view-parametrages', line 271, column 91] : ${description} cannot be resolved.
2019-05-08 01:48:39,923 - Null reference [template 'Parametrages-ini', line 78, column 41] : ${message.momentLabel} cannot be resolved.
2019-05-08 01:48:39,924 - Null reference [template 'Parametrages-ini', line 78, column 67] : $message.activityLabel cannot be resolved.
2019-05-08 01:48:39,924 - Null reference [template 'Parametrages-ini', line 78, column 95] : $message.sequence cannot be resolved.
2019-05-08 01:48:39,924 - Null reference [template 'Parametrages-ini', line 95, column 83] : $message.activityLabel cannot be resolved.
2019-05-08 01:48:39,924 - Null reference [template 'Parametrages-ini', line 96, column 34] : $message.sequence cannot be resolved.
2019-05-08 01:48:39,924 - Left side (${moment}) of '==' operation has null value. If a reference, it may not be in the context. Operation not possible. Parametrages-ini [line 99, column 49]
2019-05-08 01:48:39,924 - Null reference [template 'Parametrages-ini', line 102, column 48] : $message.dateCreation cannot be resolved.
2019-05-08 01:48:39,924 - Null reference [template 'Parametrages-ini', line 110, column 49] : $message.modelName cannot be resolved.
2019-05-08 01:48:39,925 - Null reference [template 'Parametrages-ini', line 121, column 46] : $message.processName cannot be resolved.
2019-05-08 01:48:39,925 - Null reference [template 'Parametrages-ini', line 131, column 107] : $message.activityLabel cannot be resolved.
2019-05-08 01:48:39,925 - Null reference [template 'Parametrages-ini', line 139, column 107] : $message.momentLabel cannot be resolved.
2019-05-08 01:48:39,925 - Null reference [template 'Parametrages-ini', line 147, column 86] : $role cannot be resolved.
2019-05-08 01:48:39,925 - Null reference [template 'Parametrages-ini', line 150, column 62] : ${frontEndLink} cannot be resolved.
2019-05-08 01:48:39,925 - Null reference [template 'Parametrages-ini', line 150, column 114] : ${message.dataObjectId} cannot be resolved.
2019-05-08 01:48:39,925 - Null reference [template 'Parametrages-ini', line 185, column 24] : $message.sequence cannot be resolved.
2019-05-08 01:48:39,925 - Null reference [template 'Parametrages-ini', line 185, column 44] : ${message.momentLabel} cannot be resolved.
2019-05-08 01:48:39,925 - Null reference [template 'Parametrages-ini', line 185, column 81] : $message.activityLabel cannot be resolved.
2019-05-08 01:48:39,926 - Null reference [template 'Parametrages-ini', line 240, column 28] : $pv.cps.getConfigparam().size() cannot be resolved.
2019-05-08 10:08:50,793 - Log4JLogChute initialized using file 'velocity.log'
2019-05-08 10:08:50,794 - Velocity was not initialized! Calling init()...
2019-05-08 10:08:50,795 - Starting Apache Velocity v1.5 (compiled: 2007-02-22 08:52:29)
2019-05-08 10:08:50,795 - Default Properties File: org\apache\velocity\runtime\defaults\velocity.properties
2019-05-08 10:08:50,795 - Trying to use logger class org.apache.velocity.runtime.log.AvalonLogChute
2019-05-08 10:08:50,796 - Couldn't find class org.apache.velocity.runtime.log.AvalonLogChute or necessary supporting classes in classpath.
java.lang.NoClassDefFoundError: org/apache/log/format/Formatter
	at java.lang.Class.forName0(Native Method)
	at java.lang.Class.forName(Class.java:348)
	at org.apache.velocity.util.ClassUtils.getClass(ClassUtils.java:63)
	at org.apache.velocity.util.ClassUtils.getNewInstance(ClassUtils.java:95)
	at org.apache.velocity.runtime.log.LogManager.createLogChute(LogManager.java:147)
	at org.apache.velocity.runtime.log.LogManager.updateLog(LogManager.java:208)
	at org.apache.velocity.runtime.RuntimeInstance.initializeLog(RuntimeInstance.java:728)
	at org.apache.velocity.runtime.RuntimeInstance.init(RuntimeInstance.java:240)
	at org.apache.velocity.runtime.RuntimeInstance.parse(RuntimeInstance.java:993)
	at org.apache.velocity.runtime.RuntimeInstance.parse(RuntimeInstance.java:972)
	at karaz.tools.kbuilder.Helper.loadTemplate(Helper.java:52)
	at karaz.tools.kbuilder.ModelBuilder.buildJxFactory(ModelBuilder.java:195)
	at karaz.tools.kbuilder.ModelBuilder.buildFromXsd(ModelBuilder.java:176)
	at karaz.tools.kbuilder.ModuleBuilder.build(ModuleBuilder.java:126)
	at karaz.tools.kbuilder.mojo.Builder.execute(Builder.java:109)
	at karaz.tools.kbuilder.mojo.BuildAll.execute(BuildAll.java:17)
	at org.apache.maven.plugin.DefaultBuildPluginManager.executeMojo(DefaultBuildPluginManager.java:134)
	at org.apache.maven.lifecycle.internal.MojoExecutor.execute(MojoExecutor.java:207)
	at org.apache.maven.lifecycle.internal.MojoExecutor.execute(MojoExecutor.java:153)
	at org.apache.maven.lifecycle.internal.MojoExecutor.execute(MojoExecutor.java:145)
	at org.apache.maven.lifecycle.internal.LifecycleModuleBuilder.buildProject(LifecycleModuleBuilder.java:116)
	at org.apache.maven.lifecycle.internal.LifecycleModuleBuilder.buildProject(LifecycleModuleBuilder.java:80)
	at org.apache.maven.lifecycle.internal.builder.singlethreaded.SingleThreadedBuilder.build(SingleThreadedBuilder.java:51)
	at org.apache.maven.lifecycle.internal.LifecycleStarter.execute(LifecycleStarter.java:128)
	at org.apache.maven.DefaultMaven.doExecute(DefaultMaven.java:307)
	at org.apache.maven.DefaultMaven.doExecute(DefaultMaven.java:193)
	at org.apache.maven.DefaultMaven.execute(DefaultMaven.java:106)
	at org.apache.maven.cli.MavenCli.execute(MavenCli.java:863)
	at org.apache.maven.cli.MavenCli.doMain(MavenCli.java:288)
	at org.apache.maven.cli.MavenCli.main(MavenCli.java:199)
	at sun.reflect.NativeMethodAccessorImpl.invoke0(Native Method)
	at sun.reflect.NativeMethodAccessorImpl.invoke(NativeMethodAccessorImpl.java:62)
	at sun.reflect.DelegatingMethodAccessorImpl.invoke(DelegatingMethodAccessorImpl.java:43)
	at java.lang.reflect.Method.invoke(Method.java:498)
	at org.codehaus.plexus.classworlds.launcher.Launcher.launchEnhanced(Launcher.java:289)
	at org.codehaus.plexus.classworlds.launcher.Launcher.launch(Launcher.java:229)
	at org.codehaus.plexus.classworlds.launcher.Launcher.mainWithExitCode(Launcher.java:415)
	at org.codehaus.plexus.classworlds.launcher.Launcher.main(Launcher.java:356)
Caused by: java.lang.ClassNotFoundException: org.apache.log.format.Formatter
	at org.codehaus.plexus.classworlds.strategy.SelfFirstStrategy.loadClass(SelfFirstStrategy.java:50)
	at org.codehaus.plexus.classworlds.realm.ClassRealm.unsynchronizedLoadClass(ClassRealm.java:271)
	at org.codehaus.plexus.classworlds.realm.ClassRealm.loadClass(ClassRealm.java:247)
	at org.codehaus.plexus.classworlds.realm.ClassRealm.loadClass(ClassRealm.java:239)
	... 38 more
2019-05-08 10:08:50,802 - Trying to use logger class org.apache.velocity.runtime.log.Log4JLogChute
2019-05-08 10:08:50,802 - Using logger class org.apache.velocity.runtime.log.Log4JLogChute
2019-05-08 10:08:50,809 - Default ResourceManager initializing. (class org.apache.velocity.runtime.resource.ResourceManagerImpl)
2019-05-08 10:08:50,817 - ResourceLoader instantiated: org.apache.velocity.runtime.resource.loader.FileResourceLoader
2019-05-08 10:08:50,820 - Do unicode file recognition:  false
2019-05-08 10:08:50,820 - FileResourceLoader : adding path '.'
2019-05-08 10:08:50,857 - ResourceCache: initialized (class org.apache.velocity.runtime.resource.ResourceCacheImpl)
2019-05-08 10:08:50,859 - Loaded System Directive: org.apache.velocity.runtime.directive.Literal
2019-05-08 10:08:50,863 - Loaded System Directive: org.apache.velocity.runtime.directive.Macro
2019-05-08 10:08:50,867 - Loaded System Directive: org.apache.velocity.runtime.directive.Parse
2019-05-08 10:08:50,870 - Loaded System Directive: org.apache.velocity.runtime.directive.Include
2019-05-08 10:08:50,873 - Loaded System Directive: org.apache.velocity.runtime.directive.Foreach
2019-05-08 10:08:50,941 - Created '20' parsers.
2019-05-08 10:08:50,954 - Velocimacro : "velocimacro.library" is not set.  Trying default library: VM_global_library.vm
2019-05-08 10:08:50,955 - Velocimacro : Default library not found.
2019-05-08 10:08:50,955 - Velocimacro : allowInline = true : VMs can be defined inline in templates
2019-05-08 10:08:50,955 - Velocimacro : allowInlineToOverride = false : VMs defined inline may NOT replace previous VM definitions
2019-05-08 10:08:50,955 - Velocimacro : allowInlineLocal = false : VMs defined inline will be global in scope if allowed.
2019-05-08 10:08:50,955 - Velocimacro : autoload off : VM system will not automatically reload global library macros
2019-05-08 10:08:51,140 - Null reference [template 'tklLoader.xml', line 82, column 97] : ${usage} cannot be resolved.
2019-05-08 10:08:53,139 - Left side ($dependsOnExists) of '==' operation has null value. If a reference, it may not be in the context. Operation not possible. modelLoader [line 34, column 23]
2019-05-08 10:08:53,140 - Null reference [template 'modelLoader', line 49, column 67] : $xml0ESFileAsPath cannot be resolved.
2019-05-08 10:08:53,140 - Null reference [template 'modelLoader', line 50, column 61] : $attachFileAsPath cannot be resolved.
2019-05-08 10:08:54,902 - Null reference [template 'view-parametrages', line 129, column 140] : ${body} cannot be resolved.
2019-05-08 10:08:54,903 - Null reference [template 'view-parametrages', line 271, column 91] : ${description} cannot be resolved.
2019-05-08 10:08:54,915 - Null reference [template 'Parametrages-ini', line 78, column 41] : ${message.momentLabel} cannot be resolved.
2019-05-08 10:08:54,915 - Null reference [template 'Parametrages-ini', line 78, column 67] : $message.activityLabel cannot be resolved.
2019-05-08 10:08:54,915 - Null reference [template 'Parametrages-ini', line 78, column 95] : $message.sequence cannot be resolved.
2019-05-08 10:08:54,915 - Null reference [template 'Parametrages-ini', line 95, column 83] : $message.activityLabel cannot be resolved.
2019-05-08 10:08:54,916 - Null reference [template 'Parametrages-ini', line 96, column 34] : $message.sequence cannot be resolved.
2019-05-08 10:08:54,916 - Left side (${moment}) of '==' operation has null value. If a reference, it may not be in the context. Operation not possible. Parametrages-ini [line 99, column 49]
2019-05-08 10:08:54,916 - Null reference [template 'Parametrages-ini', line 102, column 48] : $message.dateCreation cannot be resolved.
2019-05-08 10:08:54,916 - Null reference [template 'Parametrages-ini', line 110, column 49] : $message.modelName cannot be resolved.
2019-05-08 10:08:54,916 - Null reference [template 'Parametrages-ini', line 121, column 46] : $message.processName cannot be resolved.
2019-05-08 10:08:54,917 - Null reference [template 'Parametrages-ini', line 131, column 107] : $message.activityLabel cannot be resolved.
2019-05-08 10:08:54,917 - Null reference [template 'Parametrages-ini', line 139, column 107] : $message.momentLabel cannot be resolved.
2019-05-08 10:08:54,917 - Null reference [template 'Parametrages-ini', line 147, column 86] : $role cannot be resolved.
2019-05-08 10:08:54,917 - Null reference [template 'Parametrages-ini', line 150, column 62] : ${frontEndLink} cannot be resolved.
2019-05-08 10:08:54,917 - Null reference [template 'Parametrages-ini', line 150, column 114] : ${message.dataObjectId} cannot be resolved.
2019-05-08 10:08:54,917 - Null reference [template 'Parametrages-ini', line 185, column 24] : $message.sequence cannot be resolved.
2019-05-08 10:08:54,918 - Null reference [template 'Parametrages-ini', line 185, column 44] : ${message.momentLabel} cannot be resolved.
2019-05-08 10:08:54,918 - Null reference [template 'Parametrages-ini', line 185, column 81] : $message.activityLabel cannot be resolved.
2019-05-08 10:08:54,919 - Null reference [template 'Parametrages-ini', line 240, column 28] : $pv.cps.getConfigparam().size() cannot be resolved.
2019-05-08 16:40:03,830 - Log4JLogChute initialized using file 'velocity.log'
2019-05-08 16:40:03,831 - Velocity was not initialized! Calling init()...
2019-05-08 16:40:03,831 - Starting Apache Velocity v1.5 (compiled: 2007-02-22 08:52:29)
2019-05-08 16:40:03,832 - Default Properties File: org\apache\velocity\runtime\defaults\velocity.properties
2019-05-08 16:40:03,832 - Trying to use logger class org.apache.velocity.runtime.log.AvalonLogChute
2019-05-08 16:40:03,834 - Couldn't find class org.apache.velocity.runtime.log.AvalonLogChute or necessary supporting classes in classpath.
java.lang.NoClassDefFoundError: org/apache/log/format/Formatter
	at java.lang.Class.forName0(Native Method)
	at java.lang.Class.forName(Class.java:348)
	at org.apache.velocity.util.ClassUtils.getClass(ClassUtils.java:63)
	at org.apache.velocity.util.ClassUtils.getNewInstance(ClassUtils.java:95)
	at org.apache.velocity.runtime.log.LogManager.createLogChute(LogManager.java:147)
	at org.apache.velocity.runtime.log.LogManager.updateLog(LogManager.java:208)
	at org.apache.velocity.runtime.RuntimeInstance.initializeLog(RuntimeInstance.java:728)
	at org.apache.velocity.runtime.RuntimeInstance.init(RuntimeInstance.java:240)
	at org.apache.velocity.runtime.RuntimeInstance.parse(RuntimeInstance.java:993)
	at org.apache.velocity.runtime.RuntimeInstance.parse(RuntimeInstance.java:972)
	at karaz.tools.kbuilder.Helper.loadTemplate(Helper.java:52)
	at karaz.tools.kbuilder.ModelBuilder.buildJxFactory(ModelBuilder.java:195)
	at karaz.tools.kbuilder.ModelBuilder.buildFromXsd(ModelBuilder.java:176)
	at karaz.tools.kbuilder.ModuleBuilder.build(ModuleBuilder.java:126)
	at karaz.tools.kbuilder.mojo.Builder.execute(Builder.java:109)
	at karaz.tools.kbuilder.mojo.BuildAll.execute(BuildAll.java:17)
	at org.apache.maven.plugin.DefaultBuildPluginManager.executeMojo(DefaultBuildPluginManager.java:134)
	at org.apache.maven.lifecycle.internal.MojoExecutor.execute(MojoExecutor.java:207)
	at org.apache.maven.lifecycle.internal.MojoExecutor.execute(MojoExecutor.java:153)
	at org.apache.maven.lifecycle.internal.MojoExecutor.execute(MojoExecutor.java:145)
	at org.apache.maven.lifecycle.internal.LifecycleModuleBuilder.buildProject(LifecycleModuleBuilder.java:116)
	at org.apache.maven.lifecycle.internal.LifecycleModuleBuilder.buildProject(LifecycleModuleBuilder.java:80)
	at org.apache.maven.lifecycle.internal.builder.singlethreaded.SingleThreadedBuilder.build(SingleThreadedBuilder.java:51)
	at org.apache.maven.lifecycle.internal.LifecycleStarter.execute(LifecycleStarter.java:128)
	at org.apache.maven.DefaultMaven.doExecute(DefaultMaven.java:307)
	at org.apache.maven.DefaultMaven.doExecute(DefaultMaven.java:193)
	at org.apache.maven.DefaultMaven.execute(DefaultMaven.java:106)
	at org.apache.maven.cli.MavenCli.execute(MavenCli.java:863)
	at org.apache.maven.cli.MavenCli.doMain(MavenCli.java:288)
	at org.apache.maven.cli.MavenCli.main(MavenCli.java:199)
	at sun.reflect.NativeMethodAccessorImpl.invoke0(Native Method)
	at sun.reflect.NativeMethodAccessorImpl.invoke(NativeMethodAccessorImpl.java:62)
	at sun.reflect.DelegatingMethodAccessorImpl.invoke(DelegatingMethodAccessorImpl.java:43)
	at java.lang.reflect.Method.invoke(Method.java:498)
	at org.codehaus.plexus.classworlds.launcher.Launcher.launchEnhanced(Launcher.java:289)
	at org.codehaus.plexus.classworlds.launcher.Launcher.launch(Launcher.java:229)
	at org.codehaus.plexus.classworlds.launcher.Launcher.mainWithExitCode(Launcher.java:415)
	at org.codehaus.plexus.classworlds.launcher.Launcher.main(Launcher.java:356)
Caused by: java.lang.ClassNotFoundException: org.apache.log.format.Formatter
	at org.codehaus.plexus.classworlds.strategy.SelfFirstStrategy.loadClass(SelfFirstStrategy.java:50)
	at org.codehaus.plexus.classworlds.realm.ClassRealm.unsynchronizedLoadClass(ClassRealm.java:271)
	at org.codehaus.plexus.classworlds.realm.ClassRealm.loadClass(ClassRealm.java:247)
	at org.codehaus.plexus.classworlds.realm.ClassRealm.loadClass(ClassRealm.java:239)
	... 38 more
2019-05-08 16:40:03,842 - Trying to use logger class org.apache.velocity.runtime.log.Log4JLogChute
2019-05-08 16:40:03,842 - Using logger class org.apache.velocity.runtime.log.Log4JLogChute
2019-05-08 16:40:03,849 - Default ResourceManager initializing. (class org.apache.velocity.runtime.resource.ResourceManagerImpl)
2019-05-08 16:40:03,856 - ResourceLoader instantiated: org.apache.velocity.runtime.resource.loader.FileResourceLoader
2019-05-08 16:40:03,858 - Do unicode file recognition:  false
2019-05-08 16:40:03,858 - FileResourceLoader : adding path '.'
2019-05-08 16:40:03,889 - ResourceCache: initialized (class org.apache.velocity.runtime.resource.ResourceCacheImpl)
2019-05-08 16:40:03,891 - Loaded System Directive: org.apache.velocity.runtime.directive.Literal
2019-05-08 16:40:03,895 - Loaded System Directive: org.apache.velocity.runtime.directive.Macro
2019-05-08 16:40:03,898 - Loaded System Directive: org.apache.velocity.runtime.directive.Parse
2019-05-08 16:40:03,901 - Loaded System Directive: org.apache.velocity.runtime.directive.Include
2019-05-08 16:40:03,903 - Loaded System Directive: org.apache.velocity.runtime.directive.Foreach
2019-05-08 16:40:03,960 - Created '20' parsers.
2019-05-08 16:40:03,971 - Velocimacro : "velocimacro.library" is not set.  Trying default library: VM_global_library.vm
2019-05-08 16:40:03,972 - Velocimacro : Default library not found.
2019-05-08 16:40:03,972 - Velocimacro : allowInline = true : VMs can be defined inline in templates
2019-05-08 16:40:03,972 - Velocimacro : allowInlineToOverride = false : VMs defined inline may NOT replace previous VM definitions
2019-05-08 16:40:03,972 - Velocimacro : allowInlineLocal = false : VMs defined inline will be global in scope if allowed.
2019-05-08 16:40:03,973 - Velocimacro : autoload off : VM system will not automatically reload global library macros
2019-05-08 16:40:04,156 - Null reference [template 'tklLoader.xml', line 82, column 97] : ${usage} cannot be resolved.
2019-05-08 16:40:06,622 - Left side ($dependsOnExists) of '==' operation has null value. If a reference, it may not be in the context. Operation not possible. modelLoader [line 34, column 23]
2019-05-08 16:40:06,622 - Null reference [template 'modelLoader', line 49, column 67] : $xml0ESFileAsPath cannot be resolved.
2019-05-08 16:40:06,623 - Null reference [template 'modelLoader', line 50, column 61] : $attachFileAsPath cannot be resolved.
2019-05-08 16:40:08,642 - Null reference [template 'view-parametrages', line 129, column 140] : ${body} cannot be resolved.
2019-05-08 16:40:08,643 - Null reference [template 'view-parametrages', line 271, column 91] : ${description} cannot be resolved.
2019-05-08 16:40:08,658 - Null reference [template 'Parametrages-ini', line 78, column 41] : ${message.momentLabel} cannot be resolved.
2019-05-08 16:40:08,658 - Null reference [template 'Parametrages-ini', line 78, column 67] : $message.activityLabel cannot be resolved.
2019-05-08 16:40:08,658 - Null reference [template 'Parametrages-ini', line 78, column 95] : $message.sequence cannot be resolved.
2019-05-08 16:40:08,658 - Null reference [template 'Parametrages-ini', line 95, column 83] : $message.activityLabel cannot be resolved.
2019-05-08 16:40:08,658 - Null reference [template 'Parametrages-ini', line 96, column 34] : $message.sequence cannot be resolved.
2019-05-08 16:40:08,659 - Left side (${moment}) of '==' operation has null value. If a reference, it may not be in the context. Operation not possible. Parametrages-ini [line 99, column 49]
2019-05-08 16:40:08,659 - Null reference [template 'Parametrages-ini', line 102, column 48] : $message.dateCreation cannot be resolved.
2019-05-08 16:40:08,659 - Null reference [template 'Parametrages-ini', line 110, column 49] : $message.modelName cannot be resolved.
2019-05-08 16:40:08,659 - Null reference [template 'Parametrages-ini', line 121, column 46] : $message.processName cannot be resolved.
2019-05-08 16:40:08,660 - Null reference [template 'Parametrages-ini', line 131, column 107] : $message.activityLabel cannot be resolved.
2019-05-08 16:40:08,660 - Null reference [template 'Parametrages-ini', line 139, column 107] : $message.momentLabel cannot be resolved.
2019-05-08 16:40:08,660 - Null reference [template 'Parametrages-ini', line 147, column 86] : $role cannot be resolved.
2019-05-08 16:40:08,660 - Null reference [template 'Parametrages-ini', line 150, column 62] : ${frontEndLink} cannot be resolved.
2019-05-08 16:40:08,661 - Null reference [template 'Parametrages-ini', line 150, column 114] : ${message.dataObjectId} cannot be resolved.
2019-05-08 16:40:08,661 - Null reference [template 'Parametrages-ini', line 185, column 24] : $message.sequence cannot be resolved.
2019-05-08 16:40:08,661 - Null reference [template 'Parametrages-ini', line 185, column 44] : ${message.momentLabel} cannot be resolved.
2019-05-08 16:40:08,661 - Null reference [template 'Parametrages-ini', line 185, column 81] : $message.activityLabel cannot be resolved.
2019-05-08 16:40:08,662 - Null reference [template 'Parametrages-ini', line 240, column 28] : $pv.cps.getConfigparam().size() cannot be resolved.
2019-05-09 09:55:39,511 - Log4JLogChute initialized using file 'velocity.log'
2019-05-09 09:55:39,511 - Velocity was not initialized! Calling init()...
2019-05-09 09:55:39,511 - Starting Apache Velocity v1.5 (compiled: 2007-02-22 08:52:29)
2019-05-09 09:55:39,511 - Default Properties File: org\apache\velocity\runtime\defaults\velocity.properties
2019-05-09 09:55:39,512 - Trying to use logger class org.apache.velocity.runtime.log.AvalonLogChute
2019-05-09 09:55:39,512 - Couldn't find class org.apache.velocity.runtime.log.AvalonLogChute or necessary supporting classes in classpath.
java.lang.NoClassDefFoundError: org/apache/log/format/Formatter
	at java.lang.Class.forName0(Native Method)
	at java.lang.Class.forName(Class.java:348)
	at org.apache.velocity.util.ClassUtils.getClass(ClassUtils.java:63)
	at org.apache.velocity.util.ClassUtils.getNewInstance(ClassUtils.java:95)
	at org.apache.velocity.runtime.log.LogManager.createLogChute(LogManager.java:147)
	at org.apache.velocity.runtime.log.LogManager.updateLog(LogManager.java:208)
	at org.apache.velocity.runtime.RuntimeInstance.initializeLog(RuntimeInstance.java:728)
	at org.apache.velocity.runtime.RuntimeInstance.init(RuntimeInstance.java:240)
	at org.apache.velocity.runtime.RuntimeInstance.parse(RuntimeInstance.java:993)
	at org.apache.velocity.runtime.RuntimeInstance.parse(RuntimeInstance.java:972)
	at karaz.tools.kbuilder.Helper.loadTemplate(Helper.java:52)
	at karaz.tools.kbuilder.ModelBuilder.buildJxFactory(ModelBuilder.java:195)
	at karaz.tools.kbuilder.ModelBuilder.buildFromXsd(ModelBuilder.java:176)
	at karaz.tools.kbuilder.ModuleBuilder.build(ModuleBuilder.java:126)
	at karaz.tools.kbuilder.mojo.Builder.execute(Builder.java:109)
	at karaz.tools.kbuilder.mojo.BuildAll.execute(BuildAll.java:17)
	at org.apache.maven.plugin.DefaultBuildPluginManager.executeMojo(DefaultBuildPluginManager.java:134)
	at org.apache.maven.lifecycle.internal.MojoExecutor.execute(MojoExecutor.java:207)
	at org.apache.maven.lifecycle.internal.MojoExecutor.execute(MojoExecutor.java:153)
	at org.apache.maven.lifecycle.internal.MojoExecutor.execute(MojoExecutor.java:145)
	at org.apache.maven.lifecycle.internal.LifecycleModuleBuilder.buildProject(LifecycleModuleBuilder.java:116)
	at org.apache.maven.lifecycle.internal.LifecycleModuleBuilder.buildProject(LifecycleModuleBuilder.java:80)
	at org.apache.maven.lifecycle.internal.builder.singlethreaded.SingleThreadedBuilder.build(SingleThreadedBuilder.java:51)
	at org.apache.maven.lifecycle.internal.LifecycleStarter.execute(LifecycleStarter.java:128)
	at org.apache.maven.DefaultMaven.doExecute(DefaultMaven.java:307)
	at org.apache.maven.DefaultMaven.doExecute(DefaultMaven.java:193)
	at org.apache.maven.DefaultMaven.execute(DefaultMaven.java:106)
	at org.apache.maven.cli.MavenCli.execute(MavenCli.java:863)
	at org.apache.maven.cli.MavenCli.doMain(MavenCli.java:288)
	at org.apache.maven.cli.MavenCli.main(MavenCli.java:199)
	at sun.reflect.NativeMethodAccessorImpl.invoke0(Native Method)
	at sun.reflect.NativeMethodAccessorImpl.invoke(NativeMethodAccessorImpl.java:62)
	at sun.reflect.DelegatingMethodAccessorImpl.invoke(DelegatingMethodAccessorImpl.java:43)
	at java.lang.reflect.Method.invoke(Method.java:498)
	at org.codehaus.plexus.classworlds.launcher.Launcher.launchEnhanced(Launcher.java:289)
	at org.codehaus.plexus.classworlds.launcher.Launcher.launch(Launcher.java:229)
	at org.codehaus.plexus.classworlds.launcher.Launcher.mainWithExitCode(Launcher.java:415)
	at org.codehaus.plexus.classworlds.launcher.Launcher.main(Launcher.java:356)
Caused by: java.lang.ClassNotFoundException: org.apache.log.format.Formatter
	at org.codehaus.plexus.classworlds.strategy.SelfFirstStrategy.loadClass(SelfFirstStrategy.java:50)
	at org.codehaus.plexus.classworlds.realm.ClassRealm.unsynchronizedLoadClass(ClassRealm.java:271)
	at org.codehaus.plexus.classworlds.realm.ClassRealm.loadClass(ClassRealm.java:247)
	at org.codehaus.plexus.classworlds.realm.ClassRealm.loadClass(ClassRealm.java:239)
	... 38 more
2019-05-09 09:55:39,513 - Trying to use logger class org.apache.velocity.runtime.log.Log4JLogChute
2019-05-09 09:55:39,513 - Using logger class org.apache.velocity.runtime.log.Log4JLogChute
2019-05-09 09:55:39,515 - Default ResourceManager initializing. (class org.apache.velocity.runtime.resource.ResourceManagerImpl)
2019-05-09 09:55:39,517 - ResourceLoader instantiated: org.apache.velocity.runtime.resource.loader.FileResourceLoader
2019-05-09 09:55:39,518 - Do unicode file recognition:  false
2019-05-09 09:55:39,518 - FileResourceLoader : adding path '.'
2019-05-09 09:55:39,527 - ResourceCache: initialized (class org.apache.velocity.runtime.resource.ResourceCacheImpl)
2019-05-09 09:55:39,528 - Loaded System Directive: org.apache.velocity.runtime.directive.Literal
2019-05-09 09:55:39,529 - Loaded System Directive: org.apache.velocity.runtime.directive.Macro
2019-05-09 09:55:39,529 - Loaded System Directive: org.apache.velocity.runtime.directive.Parse
2019-05-09 09:55:39,530 - Loaded System Directive: org.apache.velocity.runtime.directive.Include
2019-05-09 09:55:39,531 - Loaded System Directive: org.apache.velocity.runtime.directive.Foreach
2019-05-09 09:55:39,544 - Created '20' parsers.
2019-05-09 09:55:39,546 - Velocimacro : "velocimacro.library" is not set.  Trying default library: VM_global_library.vm
2019-05-09 09:55:39,547 - Velocimacro : Default library not found.
2019-05-09 09:55:39,547 - Velocimacro : allowInline = true : VMs can be defined inline in templates
2019-05-09 09:55:39,547 - Velocimacro : allowInlineToOverride = false : VMs defined inline may NOT replace previous VM definitions
2019-05-09 09:55:39,547 - Velocimacro : allowInlineLocal = false : VMs defined inline will be global in scope if allowed.
2019-05-09 09:55:39,547 - Velocimacro : autoload off : VM system will not automatically reload global library macros
2019-05-09 09:55:39,588 - Null reference [template 'tklLoader.xml', line 82, column 97] : ${usage} cannot be resolved.
2019-05-09 09:55:40,822 - Left side ($dependsOnExists) of '==' operation has null value. If a reference, it may not be in the context. Operation not possible. modelLoader [line 34, column 23]
2019-05-09 09:55:40,823 - Null reference [template 'modelLoader', line 49, column 67] : $xml0ESFileAsPath cannot be resolved.
2019-05-09 09:55:40,823 - Null reference [template 'modelLoader', line 50, column 61] : $attachFileAsPath cannot be resolved.
2019-05-09 09:55:41,600 - Null reference [template 'view-parametrages', line 129, column 140] : ${body} cannot be resolved.
2019-05-09 09:55:41,600 - Null reference [template 'view-parametrages', line 271, column 91] : ${description} cannot be resolved.
2019-05-09 09:55:41,603 - Null reference [template 'Parametrages-ini', line 78, column 41] : ${message.momentLabel} cannot be resolved.
2019-05-09 09:55:41,603 - Null reference [template 'Parametrages-ini', line 78, column 67] : $message.activityLabel cannot be resolved.
2019-05-09 09:55:41,603 - Null reference [template 'Parametrages-ini', line 78, column 95] : $message.sequence cannot be resolved.
2019-05-09 09:55:41,604 - Null reference [template 'Parametrages-ini', line 95, column 83] : $message.activityLabel cannot be resolved.
2019-05-09 09:55:41,604 - Null reference [template 'Parametrages-ini', line 96, column 34] : $message.sequence cannot be resolved.
2019-05-09 09:55:41,604 - Left side (${moment}) of '==' operation has null value. If a reference, it may not be in the context. Operation not possible. Parametrages-ini [line 99, column 49]
2019-05-09 09:55:41,604 - Null reference [template 'Parametrages-ini', line 102, column 48] : $message.dateCreation cannot be resolved.
2019-05-09 09:55:41,604 - Null reference [template 'Parametrages-ini', line 110, column 49] : $message.modelName cannot be resolved.
2019-05-09 09:55:41,604 - Null reference [template 'Parametrages-ini', line 121, column 46] : $message.processName cannot be resolved.
2019-05-09 09:55:41,604 - Null reference [template 'Parametrages-ini', line 131, column 107] : $message.activityLabel cannot be resolved.
2019-05-09 09:55:41,604 - Null reference [template 'Parametrages-ini', line 139, column 107] : $message.momentLabel cannot be resolved.
2019-05-09 09:55:41,604 - Null reference [template 'Parametrages-ini', line 147, column 86] : $role cannot be resolved.
2019-05-09 09:55:41,604 - Null reference [template 'Parametrages-ini', line 150, column 62] : ${frontEndLink} cannot be resolved.
2019-05-09 09:55:41,604 - Null reference [template 'Parametrages-ini', line 150, column 114] : ${message.dataObjectId} cannot be resolved.
2019-05-09 09:55:41,604 - Null reference [template 'Parametrages-ini', line 185, column 24] : $message.sequence cannot be resolved.
2019-05-09 09:55:41,604 - Null reference [template 'Parametrages-ini', line 185, column 44] : ${message.momentLabel} cannot be resolved.
2019-05-09 09:55:41,604 - Null reference [template 'Parametrages-ini', line 185, column 81] : $message.activityLabel cannot be resolved.
2019-05-09 09:55:41,604 - Null reference [template 'Parametrages-ini', line 240, column 28] : $pv.cps.getConfigparam().size() cannot be resolved.
2019-05-10 00:07:12,363 - Log4JLogChute initialized using file 'velocity.log'
2019-05-10 00:07:12,364 - Velocity was not initialized! Calling init()...
2019-05-10 00:07:12,365 - Starting Apache Velocity v1.5 (compiled: 2007-02-22 08:52:29)
2019-05-10 00:07:12,365 - Default Properties File: org\apache\velocity\runtime\defaults\velocity.properties
2019-05-10 00:07:12,365 - Trying to use logger class org.apache.velocity.runtime.log.AvalonLogChute
2019-05-10 00:07:12,366 - Couldn't find class org.apache.velocity.runtime.log.AvalonLogChute or necessary supporting classes in classpath.
java.lang.NoClassDefFoundError: org/apache/log/format/Formatter
	at java.lang.Class.forName0(Native Method)
	at java.lang.Class.forName(Class.java:348)
	at org.apache.velocity.util.ClassUtils.getClass(ClassUtils.java:63)
	at org.apache.velocity.util.ClassUtils.getNewInstance(ClassUtils.java:95)
	at org.apache.velocity.runtime.log.LogManager.createLogChute(LogManager.java:147)
	at org.apache.velocity.runtime.log.LogManager.updateLog(LogManager.java:208)
	at org.apache.velocity.runtime.RuntimeInstance.initializeLog(RuntimeInstance.java:728)
	at org.apache.velocity.runtime.RuntimeInstance.init(RuntimeInstance.java:240)
	at org.apache.velocity.runtime.RuntimeInstance.parse(RuntimeInstance.java:993)
	at org.apache.velocity.runtime.RuntimeInstance.parse(RuntimeInstance.java:972)
	at karaz.tools.kbuilder.Helper.loadTemplate(Helper.java:52)
	at karaz.tools.kbuilder.ModelBuilder.buildJxFactory(ModelBuilder.java:195)
	at karaz.tools.kbuilder.ModelBuilder.buildFromXsd(ModelBuilder.java:176)
	at karaz.tools.kbuilder.ModuleBuilder.build(ModuleBuilder.java:126)
	at karaz.tools.kbuilder.mojo.Builder.execute(Builder.java:109)
	at karaz.tools.kbuilder.mojo.BuildAll.execute(BuildAll.java:17)
	at org.apache.maven.plugin.DefaultBuildPluginManager.executeMojo(DefaultBuildPluginManager.java:134)
	at org.apache.maven.lifecycle.internal.MojoExecutor.execute(MojoExecutor.java:207)
	at org.apache.maven.lifecycle.internal.MojoExecutor.execute(MojoExecutor.java:153)
	at org.apache.maven.lifecycle.internal.MojoExecutor.execute(MojoExecutor.java:145)
	at org.apache.maven.lifecycle.internal.LifecycleModuleBuilder.buildProject(LifecycleModuleBuilder.java:116)
	at org.apache.maven.lifecycle.internal.LifecycleModuleBuilder.buildProject(LifecycleModuleBuilder.java:80)
	at org.apache.maven.lifecycle.internal.builder.singlethreaded.SingleThreadedBuilder.build(SingleThreadedBuilder.java:51)
	at org.apache.maven.lifecycle.internal.LifecycleStarter.execute(LifecycleStarter.java:128)
	at org.apache.maven.DefaultMaven.doExecute(DefaultMaven.java:307)
	at org.apache.maven.DefaultMaven.doExecute(DefaultMaven.java:193)
	at org.apache.maven.DefaultMaven.execute(DefaultMaven.java:106)
	at org.apache.maven.cli.MavenCli.execute(MavenCli.java:863)
	at org.apache.maven.cli.MavenCli.doMain(MavenCli.java:288)
	at org.apache.maven.cli.MavenCli.main(MavenCli.java:199)
	at sun.reflect.NativeMethodAccessorImpl.invoke0(Native Method)
	at sun.reflect.NativeMethodAccessorImpl.invoke(NativeMethodAccessorImpl.java:62)
	at sun.reflect.DelegatingMethodAccessorImpl.invoke(DelegatingMethodAccessorImpl.java:43)
	at java.lang.reflect.Method.invoke(Method.java:498)
	at org.codehaus.plexus.classworlds.launcher.Launcher.launchEnhanced(Launcher.java:289)
	at org.codehaus.plexus.classworlds.launcher.Launcher.launch(Launcher.java:229)
	at org.codehaus.plexus.classworlds.launcher.Launcher.mainWithExitCode(Launcher.java:415)
	at org.codehaus.plexus.classworlds.launcher.Launcher.main(Launcher.java:356)
Caused by: java.lang.ClassNotFoundException: org.apache.log.format.Formatter
	at org.codehaus.plexus.classworlds.strategy.SelfFirstStrategy.loadClass(SelfFirstStrategy.java:50)
	at org.codehaus.plexus.classworlds.realm.ClassRealm.unsynchronizedLoadClass(ClassRealm.java:271)
	at org.codehaus.plexus.classworlds.realm.ClassRealm.loadClass(ClassRealm.java:247)
	at org.codehaus.plexus.classworlds.realm.ClassRealm.loadClass(ClassRealm.java:239)
	... 38 more
2019-05-10 00:07:12,372 - Trying to use logger class org.apache.velocity.runtime.log.Log4JLogChute
2019-05-10 00:07:12,372 - Using logger class org.apache.velocity.runtime.log.Log4JLogChute
2019-05-10 00:07:12,379 - Default ResourceManager initializing. (class org.apache.velocity.runtime.resource.ResourceManagerImpl)
2019-05-10 00:07:12,387 - ResourceLoader instantiated: org.apache.velocity.runtime.resource.loader.FileResourceLoader
2019-05-10 00:07:12,389 - Do unicode file recognition:  false
2019-05-10 00:07:12,390 - FileResourceLoader : adding path '.'
2019-05-10 00:07:12,425 - ResourceCache: initialized (class org.apache.velocity.runtime.resource.ResourceCacheImpl)
2019-05-10 00:07:12,427 - Loaded System Directive: org.apache.velocity.runtime.directive.Literal
2019-05-10 00:07:12,431 - Loaded System Directive: org.apache.velocity.runtime.directive.Macro
2019-05-10 00:07:12,434 - Loaded System Directive: org.apache.velocity.runtime.directive.Parse
2019-05-10 00:07:12,437 - Loaded System Directive: org.apache.velocity.runtime.directive.Include
2019-05-10 00:07:12,440 - Loaded System Directive: org.apache.velocity.runtime.directive.Foreach
2019-05-10 00:07:12,499 - Created '20' parsers.
2019-05-10 00:07:12,512 - Velocimacro : "velocimacro.library" is not set.  Trying default library: VM_global_library.vm
2019-05-10 00:07:12,513 - Velocimacro : Default library not found.
2019-05-10 00:07:12,513 - Velocimacro : allowInline = true : VMs can be defined inline in templates
2019-05-10 00:07:12,513 - Velocimacro : allowInlineToOverride = false : VMs defined inline may NOT replace previous VM definitions
2019-05-10 00:07:12,513 - Velocimacro : allowInlineLocal = false : VMs defined inline will be global in scope if allowed.
2019-05-10 00:07:12,513 - Velocimacro : autoload off : VM system will not automatically reload global library macros
2019-05-10 00:07:12,700 - Null reference [template 'tklLoader.xml', line 82, column 97] : ${usage} cannot be resolved.
2019-05-10 00:07:14,812 - Left side ($dependsOnExists) of '==' operation has null value. If a reference, it may not be in the context. Operation not possible. modelLoader [line 34, column 23]
2019-05-10 00:07:14,813 - Null reference [template 'modelLoader', line 49, column 67] : $xml0ESFileAsPath cannot be resolved.
2019-05-10 00:07:14,813 - Null reference [template 'modelLoader', line 50, column 61] : $attachFileAsPath cannot be resolved.
2019-05-10 00:07:17,107 - Null reference [template 'view-parametrages', line 129, column 140] : ${body} cannot be resolved.
2019-05-10 00:07:17,108 - Null reference [template 'view-parametrages', line 271, column 91] : ${description} cannot be resolved.
2019-05-10 00:07:17,119 - Null reference [template 'Parametrages-ini', line 78, column 41] : ${message.momentLabel} cannot be resolved.
2019-05-10 00:07:17,119 - Null reference [template 'Parametrages-ini', line 78, column 67] : $message.activityLabel cannot be resolved.
2019-05-10 00:07:17,119 - Null reference [template 'Parametrages-ini', line 78, column 95] : $message.sequence cannot be resolved.
2019-05-10 00:07:17,119 - Null reference [template 'Parametrages-ini', line 95, column 83] : $message.activityLabel cannot be resolved.
2019-05-10 00:07:17,119 - Null reference [template 'Parametrages-ini', line 96, column 34] : $message.sequence cannot be resolved.
2019-05-10 00:07:17,119 - Left side (${moment}) of '==' operation has null value. If a reference, it may not be in the context. Operation not possible. Parametrages-ini [line 99, column 49]
2019-05-10 00:07:17,119 - Null reference [template 'Parametrages-ini', line 102, column 48] : $message.dateCreation cannot be resolved.
2019-05-10 00:07:17,120 - Null reference [template 'Parametrages-ini', line 110, column 49] : $message.modelName cannot be resolved.
2019-05-10 00:07:17,120 - Null reference [template 'Parametrages-ini', line 121, column 46] : $message.processName cannot be resolved.
2019-05-10 00:07:17,120 - Null reference [template 'Parametrages-ini', line 131, column 107] : $message.activityLabel cannot be resolved.
2019-05-10 00:07:17,120 - Null reference [template 'Parametrages-ini', line 139, column 107] : $message.momentLabel cannot be resolved.
2019-05-10 00:07:17,120 - Null reference [template 'Parametrages-ini', line 147, column 86] : $role cannot be resolved.
2019-05-10 00:07:17,120 - Null reference [template 'Parametrages-ini', line 150, column 62] : ${frontEndLink} cannot be resolved.
2019-05-10 00:07:17,120 - Null reference [template 'Parametrages-ini', line 150, column 114] : ${message.dataObjectId} cannot be resolved.
2019-05-10 00:07:17,121 - Null reference [template 'Parametrages-ini', line 185, column 24] : $message.sequence cannot be resolved.
2019-05-10 00:07:17,121 - Null reference [template 'Parametrages-ini', line 185, column 44] : ${message.momentLabel} cannot be resolved.
2019-05-10 00:07:17,121 - Null reference [template 'Parametrages-ini', line 185, column 81] : $message.activityLabel cannot be resolved.
2019-05-10 00:07:17,121 - Null reference [template 'Parametrages-ini', line 240, column 28] : $pv.cps.getConfigparam().size() cannot be resolved.
2019-05-10 00:14:59,128 - Log4JLogChute initialized using file 'velocity.log'
2019-05-10 00:14:59,129 - Velocity was not initialized! Calling init()...
2019-05-10 00:14:59,130 - Starting Apache Velocity v1.5 (compiled: 2007-02-22 08:52:29)
2019-05-10 00:14:59,130 - Default Properties File: org\apache\velocity\runtime\defaults\velocity.properties
2019-05-10 00:14:59,130 - Trying to use logger class org.apache.velocity.runtime.log.AvalonLogChute
2019-05-10 00:14:59,131 - Couldn't find class org.apache.velocity.runtime.log.AvalonLogChute or necessary supporting classes in classpath.
java.lang.NoClassDefFoundError: org/apache/log/format/Formatter
	at java.lang.Class.forName0(Native Method)
	at java.lang.Class.forName(Class.java:348)
	at org.apache.velocity.util.ClassUtils.getClass(ClassUtils.java:63)
	at org.apache.velocity.util.ClassUtils.getNewInstance(ClassUtils.java:95)
	at org.apache.velocity.runtime.log.LogManager.createLogChute(LogManager.java:147)
	at org.apache.velocity.runtime.log.LogManager.updateLog(LogManager.java:208)
	at org.apache.velocity.runtime.RuntimeInstance.initializeLog(RuntimeInstance.java:728)
	at org.apache.velocity.runtime.RuntimeInstance.init(RuntimeInstance.java:240)
	at org.apache.velocity.runtime.RuntimeInstance.parse(RuntimeInstance.java:993)
	at org.apache.velocity.runtime.RuntimeInstance.parse(RuntimeInstance.java:972)
	at karaz.tools.kbuilder.Helper.loadTemplate(Helper.java:52)
	at karaz.tools.kbuilder.ModelBuilder.buildJxFactory(ModelBuilder.java:195)
	at karaz.tools.kbuilder.ModelBuilder.buildFromXsd(ModelBuilder.java:176)
	at karaz.tools.kbuilder.ModuleBuilder.build(ModuleBuilder.java:126)
	at karaz.tools.kbuilder.mojo.Builder.execute(Builder.java:109)
	at karaz.tools.kbuilder.mojo.BuildAll.execute(BuildAll.java:17)
	at org.apache.maven.plugin.DefaultBuildPluginManager.executeMojo(DefaultBuildPluginManager.java:134)
	at org.apache.maven.lifecycle.internal.MojoExecutor.execute(MojoExecutor.java:207)
	at org.apache.maven.lifecycle.internal.MojoExecutor.execute(MojoExecutor.java:153)
	at org.apache.maven.lifecycle.internal.MojoExecutor.execute(MojoExecutor.java:145)
	at org.apache.maven.lifecycle.internal.LifecycleModuleBuilder.buildProject(LifecycleModuleBuilder.java:116)
	at org.apache.maven.lifecycle.internal.LifecycleModuleBuilder.buildProject(LifecycleModuleBuilder.java:80)
	at org.apache.maven.lifecycle.internal.builder.singlethreaded.SingleThreadedBuilder.build(SingleThreadedBuilder.java:51)
	at org.apache.maven.lifecycle.internal.LifecycleStarter.execute(LifecycleStarter.java:128)
	at org.apache.maven.DefaultMaven.doExecute(DefaultMaven.java:307)
	at org.apache.maven.DefaultMaven.doExecute(DefaultMaven.java:193)
	at org.apache.maven.DefaultMaven.execute(DefaultMaven.java:106)
	at org.apache.maven.cli.MavenCli.execute(MavenCli.java:863)
	at org.apache.maven.cli.MavenCli.doMain(MavenCli.java:288)
	at org.apache.maven.cli.MavenCli.main(MavenCli.java:199)
	at sun.reflect.NativeMethodAccessorImpl.invoke0(Native Method)
	at sun.reflect.NativeMethodAccessorImpl.invoke(NativeMethodAccessorImpl.java:62)
	at sun.reflect.DelegatingMethodAccessorImpl.invoke(DelegatingMethodAccessorImpl.java:43)
	at java.lang.reflect.Method.invoke(Method.java:498)
	at org.codehaus.plexus.classworlds.launcher.Launcher.launchEnhanced(Launcher.java:289)
	at org.codehaus.plexus.classworlds.launcher.Launcher.launch(Launcher.java:229)
	at org.codehaus.plexus.classworlds.launcher.Launcher.mainWithExitCode(Launcher.java:415)
	at org.codehaus.plexus.classworlds.launcher.Launcher.main(Launcher.java:356)
Caused by: java.lang.ClassNotFoundException: org.apache.log.format.Formatter
	at org.codehaus.plexus.classworlds.strategy.SelfFirstStrategy.loadClass(SelfFirstStrategy.java:50)
	at org.codehaus.plexus.classworlds.realm.ClassRealm.unsynchronizedLoadClass(ClassRealm.java:271)
	at org.codehaus.plexus.classworlds.realm.ClassRealm.loadClass(ClassRealm.java:247)
	at org.codehaus.plexus.classworlds.realm.ClassRealm.loadClass(ClassRealm.java:239)
	... 38 more
2019-05-10 00:14:59,136 - Trying to use logger class org.apache.velocity.runtime.log.Log4JLogChute
2019-05-10 00:14:59,137 - Using logger class org.apache.velocity.runtime.log.Log4JLogChute
2019-05-10 00:14:59,143 - Default ResourceManager initializing. (class org.apache.velocity.runtime.resource.ResourceManagerImpl)
2019-05-10 00:14:59,148 - ResourceLoader instantiated: org.apache.velocity.runtime.resource.loader.FileResourceLoader
2019-05-10 00:14:59,150 - Do unicode file recognition:  false
2019-05-10 00:14:59,151 - FileResourceLoader : adding path '.'
2019-05-10 00:14:59,179 - ResourceCache: initialized (class org.apache.velocity.runtime.resource.ResourceCacheImpl)
2019-05-10 00:14:59,181 - Loaded System Directive: org.apache.velocity.runtime.directive.Literal
2019-05-10 00:14:59,185 - Loaded System Directive: org.apache.velocity.runtime.directive.Macro
2019-05-10 00:14:59,188 - Loaded System Directive: org.apache.velocity.runtime.directive.Parse
2019-05-10 00:14:59,190 - Loaded System Directive: org.apache.velocity.runtime.directive.Include
2019-05-10 00:14:59,192 - Loaded System Directive: org.apache.velocity.runtime.directive.Foreach
2019-05-10 00:14:59,244 - Created '20' parsers.
2019-05-10 00:14:59,255 - Velocimacro : "velocimacro.library" is not set.  Trying default library: VM_global_library.vm
2019-05-10 00:14:59,256 - Velocimacro : Default library not found.
2019-05-10 00:14:59,256 - Velocimacro : allowInline = true : VMs can be defined inline in templates
2019-05-10 00:14:59,256 - Velocimacro : allowInlineToOverride = false : VMs defined inline may NOT replace previous VM definitions
2019-05-10 00:14:59,256 - Velocimacro : allowInlineLocal = false : VMs defined inline will be global in scope if allowed.
2019-05-10 00:14:59,256 - Velocimacro : autoload off : VM system will not automatically reload global library macros
2019-05-10 00:14:59,437 - Null reference [template 'tklLoader.xml', line 82, column 97] : ${usage} cannot be resolved.
2019-05-10 00:15:01,517 - Left side ($dependsOnExists) of '==' operation has null value. If a reference, it may not be in the context. Operation not possible. modelLoader [line 34, column 23]
2019-05-10 00:15:01,517 - Null reference [template 'modelLoader', line 49, column 67] : $xml0ESFileAsPath cannot be resolved.
2019-05-10 00:15:01,518 - Null reference [template 'modelLoader', line 50, column 61] : $attachFileAsPath cannot be resolved.
2019-05-10 00:15:03,473 - Null reference [template 'view-parametrages', line 129, column 140] : ${body} cannot be resolved.
2019-05-10 00:15:03,477 - Null reference [template 'view-parametrages', line 271, column 91] : ${description} cannot be resolved.
2019-05-10 00:15:03,492 - Null reference [template 'Parametrages-ini', line 78, column 41] : ${message.momentLabel} cannot be resolved.
2019-05-10 00:15:03,493 - Null reference [template 'Parametrages-ini', line 78, column 67] : $message.activityLabel cannot be resolved.
2019-05-10 00:15:03,493 - Null reference [template 'Parametrages-ini', line 78, column 95] : $message.sequence cannot be resolved.
2019-05-10 00:15:03,493 - Null reference [template 'Parametrages-ini', line 95, column 83] : $message.activityLabel cannot be resolved.
2019-05-10 00:15:03,493 - Null reference [template 'Parametrages-ini', line 96, column 34] : $message.sequence cannot be resolved.
2019-05-10 00:15:03,497 - Left side (${moment}) of '==' operation has null value. If a reference, it may not be in the context. Operation not possible. Parametrages-ini [line 99, column 49]
2019-05-10 00:15:03,497 - Null reference [template 'Parametrages-ini', line 102, column 48] : $message.dateCreation cannot be resolved.
2019-05-10 00:15:03,499 - Null reference [template 'Parametrages-ini', line 110, column 49] : $message.modelName cannot be resolved.
2019-05-10 00:15:03,500 - Null reference [template 'Parametrages-ini', line 121, column 46] : $message.processName cannot be resolved.
2019-05-10 00:15:03,501 - Null reference [template 'Parametrages-ini', line 131, column 107] : $message.activityLabel cannot be resolved.
2019-05-10 00:15:03,501 - Null reference [template 'Parametrages-ini', line 139, column 107] : $message.momentLabel cannot be resolved.
2019-05-10 00:15:03,501 - Null reference [template 'Parametrages-ini', line 147, column 86] : $role cannot be resolved.
2019-05-10 00:15:03,502 - Null reference [template 'Parametrages-ini', line 150, column 62] : ${frontEndLink} cannot be resolved.
2019-05-10 00:15:03,502 - Null reference [template 'Parametrages-ini', line 150, column 114] : ${message.dataObjectId} cannot be resolved.
2019-05-10 00:15:03,502 - Null reference [template 'Parametrages-ini', line 185, column 24] : $message.sequence cannot be resolved.
2019-05-10 00:15:03,503 - Null reference [template 'Parametrages-ini', line 185, column 44] : ${message.momentLabel} cannot be resolved.
2019-05-10 00:15:03,507 - Null reference [template 'Parametrages-ini', line 185, column 81] : $message.activityLabel cannot be resolved.
2019-05-10 00:15:03,507 - Null reference [template 'Parametrages-ini', line 240, column 28] : $pv.cps.getConfigparam().size() cannot be resolved.
2019-05-10 10:21:07,801 - Log4JLogChute initialized using file 'velocity.log'
2019-05-10 10:21:07,802 - Velocity was not initialized! Calling init()...
2019-05-10 10:21:07,802 - Starting Apache Velocity v1.5 (compiled: 2007-02-22 08:52:29)
2019-05-10 10:21:07,802 - Default Properties File: org\apache\velocity\runtime\defaults\velocity.properties
2019-05-10 10:21:07,802 - Trying to use logger class org.apache.velocity.runtime.log.AvalonLogChute
2019-05-10 10:21:07,803 - Couldn't find class org.apache.velocity.runtime.log.AvalonLogChute or necessary supporting classes in classpath.
java.lang.NoClassDefFoundError: org/apache/log/format/Formatter
	at java.lang.Class.forName0(Native Method)
	at java.lang.Class.forName(Class.java:348)
	at org.apache.velocity.util.ClassUtils.getClass(ClassUtils.java:63)
	at org.apache.velocity.util.ClassUtils.getNewInstance(ClassUtils.java:95)
	at org.apache.velocity.runtime.log.LogManager.createLogChute(LogManager.java:147)
	at org.apache.velocity.runtime.log.LogManager.updateLog(LogManager.java:208)
	at org.apache.velocity.runtime.RuntimeInstance.initializeLog(RuntimeInstance.java:728)
	at org.apache.velocity.runtime.RuntimeInstance.init(RuntimeInstance.java:240)
	at org.apache.velocity.runtime.RuntimeInstance.parse(RuntimeInstance.java:993)
	at org.apache.velocity.runtime.RuntimeInstance.parse(RuntimeInstance.java:972)
	at karaz.tools.kbuilder.Helper.loadTemplate(Helper.java:52)
	at karaz.tools.kbuilder.ModelBuilder.buildJxFactory(ModelBuilder.java:195)
	at karaz.tools.kbuilder.ModelBuilder.buildFromXsd(ModelBuilder.java:176)
	at karaz.tools.kbuilder.ModuleBuilder.build(ModuleBuilder.java:126)
	at karaz.tools.kbuilder.mojo.Builder.execute(Builder.java:109)
	at karaz.tools.kbuilder.mojo.BuildAll.execute(BuildAll.java:17)
	at org.apache.maven.plugin.DefaultBuildPluginManager.executeMojo(DefaultBuildPluginManager.java:134)
	at org.apache.maven.lifecycle.internal.MojoExecutor.execute(MojoExecutor.java:207)
	at org.apache.maven.lifecycle.internal.MojoExecutor.execute(MojoExecutor.java:153)
	at org.apache.maven.lifecycle.internal.MojoExecutor.execute(MojoExecutor.java:145)
	at org.apache.maven.lifecycle.internal.LifecycleModuleBuilder.buildProject(LifecycleModuleBuilder.java:116)
	at org.apache.maven.lifecycle.internal.LifecycleModuleBuilder.buildProject(LifecycleModuleBuilder.java:80)
	at org.apache.maven.lifecycle.internal.builder.singlethreaded.SingleThreadedBuilder.build(SingleThreadedBuilder.java:51)
	at org.apache.maven.lifecycle.internal.LifecycleStarter.execute(LifecycleStarter.java:128)
	at org.apache.maven.DefaultMaven.doExecute(DefaultMaven.java:307)
	at org.apache.maven.DefaultMaven.doExecute(DefaultMaven.java:193)
	at org.apache.maven.DefaultMaven.execute(DefaultMaven.java:106)
	at org.apache.maven.cli.MavenCli.execute(MavenCli.java:863)
	at org.apache.maven.cli.MavenCli.doMain(MavenCli.java:288)
	at org.apache.maven.cli.MavenCli.main(MavenCli.java:199)
	at sun.reflect.NativeMethodAccessorImpl.invoke0(Native Method)
	at sun.reflect.NativeMethodAccessorImpl.invoke(NativeMethodAccessorImpl.java:62)
	at sun.reflect.DelegatingMethodAccessorImpl.invoke(DelegatingMethodAccessorImpl.java:43)
	at java.lang.reflect.Method.invoke(Method.java:498)
	at org.codehaus.plexus.classworlds.launcher.Launcher.launchEnhanced(Launcher.java:289)
	at org.codehaus.plexus.classworlds.launcher.Launcher.launch(Launcher.java:229)
	at org.codehaus.plexus.classworlds.launcher.Launcher.mainWithExitCode(Launcher.java:415)
	at org.codehaus.plexus.classworlds.launcher.Launcher.main(Launcher.java:356)
Caused by: java.lang.ClassNotFoundException: org.apache.log.format.Formatter
	at org.codehaus.plexus.classworlds.strategy.SelfFirstStrategy.loadClass(SelfFirstStrategy.java:50)
	at org.codehaus.plexus.classworlds.realm.ClassRealm.unsynchronizedLoadClass(ClassRealm.java:271)
	at org.codehaus.plexus.classworlds.realm.ClassRealm.loadClass(ClassRealm.java:247)
	at org.codehaus.plexus.classworlds.realm.ClassRealm.loadClass(ClassRealm.java:239)
	... 38 more
2019-05-10 10:21:07,815 - Trying to use logger class org.apache.velocity.runtime.log.Log4JLogChute
2019-05-10 10:21:07,815 - Using logger class org.apache.velocity.runtime.log.Log4JLogChute
2019-05-10 10:21:07,825 - Default ResourceManager initializing. (class org.apache.velocity.runtime.resource.ResourceManagerImpl)
2019-05-10 10:21:07,836 - ResourceLoader instantiated: org.apache.velocity.runtime.resource.loader.FileResourceLoader
2019-05-10 10:21:07,839 - Do unicode file recognition:  false
2019-05-10 10:21:07,839 - FileResourceLoader : adding path '.'
2019-05-10 10:21:07,891 - ResourceCache: initialized (class org.apache.velocity.runtime.resource.ResourceCacheImpl)
2019-05-10 10:21:07,893 - Loaded System Directive: org.apache.velocity.runtime.directive.Literal
2019-05-10 10:21:07,896 - Loaded System Directive: org.apache.velocity.runtime.directive.Macro
2019-05-10 10:21:07,900 - Loaded System Directive: org.apache.velocity.runtime.directive.Parse
2019-05-10 10:21:07,902 - Loaded System Directive: org.apache.velocity.runtime.directive.Include
2019-05-10 10:21:07,905 - Loaded System Directive: org.apache.velocity.runtime.directive.Foreach
2019-05-10 10:21:07,986 - Created '20' parsers.
2019-05-10 10:21:08,003 - Velocimacro : "velocimacro.library" is not set.  Trying default library: VM_global_library.vm
2019-05-10 10:21:08,005 - Velocimacro : Default library not found.
2019-05-10 10:21:08,006 - Velocimacro : allowInline = true : VMs can be defined inline in templates
2019-05-10 10:21:08,006 - Velocimacro : allowInlineToOverride = false : VMs defined inline may NOT replace previous VM definitions
2019-05-10 10:21:08,006 - Velocimacro : allowInlineLocal = false : VMs defined inline will be global in scope if allowed.
2019-05-10 10:21:08,007 - Velocimacro : autoload off : VM system will not automatically reload global library macros
2019-05-10 10:21:08,282 - Null reference [template 'tklLoader.xml', line 82, column 97] : ${usage} cannot be resolved.
2019-05-10 10:21:10,373 - Left side ($dependsOnExists) of '==' operation has null value. If a reference, it may not be in the context. Operation not possible. modelLoader [line 34, column 23]
2019-05-10 10:21:10,373 - Null reference [template 'modelLoader', line 49, column 67] : $xml0ESFileAsPath cannot be resolved.
2019-05-10 10:21:10,374 - Null reference [template 'modelLoader', line 50, column 61] : $attachFileAsPath cannot be resolved.
2019-05-10 10:21:12,161 - Null reference [template 'view-parametrages', line 129, column 140] : ${body} cannot be resolved.
2019-05-10 10:21:12,162 - Null reference [template 'view-parametrages', line 271, column 91] : ${description} cannot be resolved.
2019-05-10 10:21:12,176 - Null reference [template 'Parametrages-ini', line 78, column 41] : ${message.momentLabel} cannot be resolved.
2019-05-10 10:21:12,176 - Null reference [template 'Parametrages-ini', line 78, column 67] : $message.activityLabel cannot be resolved.
2019-05-10 10:21:12,176 - Null reference [template 'Parametrages-ini', line 78, column 95] : $message.sequence cannot be resolved.
2019-05-10 10:21:12,176 - Null reference [template 'Parametrages-ini', line 95, column 83] : $message.activityLabel cannot be resolved.
2019-05-10 10:21:12,177 - Null reference [template 'Parametrages-ini', line 96, column 34] : $message.sequence cannot be resolved.
2019-05-10 10:21:12,177 - Left side (${moment}) of '==' operation has null value. If a reference, it may not be in the context. Operation not possible. Parametrages-ini [line 99, column 49]
2019-05-10 10:21:12,177 - Null reference [template 'Parametrages-ini', line 102, column 48] : $message.dateCreation cannot be resolved.
2019-05-10 10:21:12,177 - Null reference [template 'Parametrages-ini', line 110, column 49] : $message.modelName cannot be resolved.
2019-05-10 10:21:12,177 - Null reference [template 'Parametrages-ini', line 121, column 46] : $message.processName cannot be resolved.
2019-05-10 10:21:12,177 - Null reference [template 'Parametrages-ini', line 131, column 107] : $message.activityLabel cannot be resolved.
2019-05-10 10:21:12,177 - Null reference [template 'Parametrages-ini', line 139, column 107] : $message.momentLabel cannot be resolved.
2019-05-10 10:21:12,178 - Null reference [template 'Parametrages-ini', line 147, column 86] : $role cannot be resolved.
2019-05-10 10:21:12,178 - Null reference [template 'Parametrages-ini', line 150, column 62] : ${frontEndLink} cannot be resolved.
2019-05-10 10:21:12,178 - Null reference [template 'Parametrages-ini', line 150, column 114] : ${message.dataObjectId} cannot be resolved.
2019-05-10 10:21:12,178 - Null reference [template 'Parametrages-ini', line 185, column 24] : $message.sequence cannot be resolved.
2019-05-10 10:21:12,178 - Null reference [template 'Parametrages-ini', line 185, column 44] : ${message.momentLabel} cannot be resolved.
2019-05-10 10:21:12,178 - Null reference [template 'Parametrages-ini', line 185, column 81] : $message.activityLabel cannot be resolved.
2019-05-10 10:21:12,179 - Null reference [template 'Parametrages-ini', line 240, column 28] : $pv.cps.getConfigparam().size() cannot be resolved.
2019-05-10 16:32:17,558 - Log4JLogChute initialized using file 'velocity.log'
2019-05-10 16:32:17,560 - Velocity was not initialized! Calling init()...
2019-05-10 16:32:17,560 - Starting Apache Velocity v1.5 (compiled: 2007-02-22 08:52:29)
2019-05-10 16:32:17,560 - Default Properties File: org\apache\velocity\runtime\defaults\velocity.properties
2019-05-10 16:32:17,560 - Trying to use logger class org.apache.velocity.runtime.log.AvalonLogChute
2019-05-10 16:32:17,562 - Couldn't find class org.apache.velocity.runtime.log.AvalonLogChute or necessary supporting classes in classpath.
java.lang.NoClassDefFoundError: org/apache/log/format/Formatter
	at java.lang.Class.forName0(Native Method)
	at java.lang.Class.forName(Class.java:348)
	at org.apache.velocity.util.ClassUtils.getClass(ClassUtils.java:63)
	at org.apache.velocity.util.ClassUtils.getNewInstance(ClassUtils.java:95)
	at org.apache.velocity.runtime.log.LogManager.createLogChute(LogManager.java:147)
	at org.apache.velocity.runtime.log.LogManager.updateLog(LogManager.java:208)
	at org.apache.velocity.runtime.RuntimeInstance.initializeLog(RuntimeInstance.java:728)
	at org.apache.velocity.runtime.RuntimeInstance.init(RuntimeInstance.java:240)
	at org.apache.velocity.runtime.RuntimeInstance.parse(RuntimeInstance.java:993)
	at org.apache.velocity.runtime.RuntimeInstance.parse(RuntimeInstance.java:972)
	at karaz.tools.kbuilder.Helper.loadTemplate(Helper.java:52)
	at karaz.tools.kbuilder.ModelBuilder.buildJxFactory(ModelBuilder.java:195)
	at karaz.tools.kbuilder.ModelBuilder.buildFromXsd(ModelBuilder.java:176)
	at karaz.tools.kbuilder.ModuleBuilder.build(ModuleBuilder.java:126)
	at karaz.tools.kbuilder.mojo.Builder.execute(Builder.java:109)
	at karaz.tools.kbuilder.mojo.BuildAll.execute(BuildAll.java:17)
	at org.apache.maven.plugin.DefaultBuildPluginManager.executeMojo(DefaultBuildPluginManager.java:134)
	at org.apache.maven.lifecycle.internal.MojoExecutor.execute(MojoExecutor.java:207)
	at org.apache.maven.lifecycle.internal.MojoExecutor.execute(MojoExecutor.java:153)
	at org.apache.maven.lifecycle.internal.MojoExecutor.execute(MojoExecutor.java:145)
	at org.apache.maven.lifecycle.internal.LifecycleModuleBuilder.buildProject(LifecycleModuleBuilder.java:116)
	at org.apache.maven.lifecycle.internal.LifecycleModuleBuilder.buildProject(LifecycleModuleBuilder.java:80)
	at org.apache.maven.lifecycle.internal.builder.singlethreaded.SingleThreadedBuilder.build(SingleThreadedBuilder.java:51)
	at org.apache.maven.lifecycle.internal.LifecycleStarter.execute(LifecycleStarter.java:128)
	at org.apache.maven.DefaultMaven.doExecute(DefaultMaven.java:307)
	at org.apache.maven.DefaultMaven.doExecute(DefaultMaven.java:193)
	at org.apache.maven.DefaultMaven.execute(DefaultMaven.java:106)
	at org.apache.maven.cli.MavenCli.execute(MavenCli.java:863)
	at org.apache.maven.cli.MavenCli.doMain(MavenCli.java:288)
	at org.apache.maven.cli.MavenCli.main(MavenCli.java:199)
	at sun.reflect.NativeMethodAccessorImpl.invoke0(Native Method)
	at sun.reflect.NativeMethodAccessorImpl.invoke(NativeMethodAccessorImpl.java:62)
	at sun.reflect.DelegatingMethodAccessorImpl.invoke(DelegatingMethodAccessorImpl.java:43)
	at java.lang.reflect.Method.invoke(Method.java:498)
	at org.codehaus.plexus.classworlds.launcher.Launcher.launchEnhanced(Launcher.java:289)
	at org.codehaus.plexus.classworlds.launcher.Launcher.launch(Launcher.java:229)
	at org.codehaus.plexus.classworlds.launcher.Launcher.mainWithExitCode(Launcher.java:415)
	at org.codehaus.plexus.classworlds.launcher.Launcher.main(Launcher.java:356)
Caused by: java.lang.ClassNotFoundException: org.apache.log.format.Formatter
	at org.codehaus.plexus.classworlds.strategy.SelfFirstStrategy.loadClass(SelfFirstStrategy.java:50)
	at org.codehaus.plexus.classworlds.realm.ClassRealm.unsynchronizedLoadClass(ClassRealm.java:271)
	at org.codehaus.plexus.classworlds.realm.ClassRealm.loadClass(ClassRealm.java:247)
	at org.codehaus.plexus.classworlds.realm.ClassRealm.loadClass(ClassRealm.java:239)
	... 38 more
2019-05-10 16:32:17,568 - Trying to use logger class org.apache.velocity.runtime.log.Log4JLogChute
2019-05-10 16:32:17,568 - Using logger class org.apache.velocity.runtime.log.Log4JLogChute
2019-05-10 16:32:17,575 - Default ResourceManager initializing. (class org.apache.velocity.runtime.resource.ResourceManagerImpl)
2019-05-10 16:32:17,584 - ResourceLoader instantiated: org.apache.velocity.runtime.resource.loader.FileResourceLoader
2019-05-10 16:32:17,586 - Do unicode file recognition:  false
2019-05-10 16:32:17,587 - FileResourceLoader : adding path '.'
2019-05-10 16:32:17,624 - ResourceCache: initialized (class org.apache.velocity.runtime.resource.ResourceCacheImpl)
2019-05-10 16:32:17,626 - Loaded System Directive: org.apache.velocity.runtime.directive.Literal
2019-05-10 16:32:17,630 - Loaded System Directive: org.apache.velocity.runtime.directive.Macro
2019-05-10 16:32:17,633 - Loaded System Directive: org.apache.velocity.runtime.directive.Parse
2019-05-10 16:32:17,636 - Loaded System Directive: org.apache.velocity.runtime.directive.Include
2019-05-10 16:32:17,639 - Loaded System Directive: org.apache.velocity.runtime.directive.Foreach
2019-05-10 16:32:17,700 - Created '20' parsers.
2019-05-10 16:32:17,713 - Velocimacro : "velocimacro.library" is not set.  Trying default library: VM_global_library.vm
2019-05-10 16:32:17,714 - Velocimacro : Default library not found.
2019-05-10 16:32:17,714 - Velocimacro : allowInline = true : VMs can be defined inline in templates
2019-05-10 16:32:17,714 - Velocimacro : allowInlineToOverride = false : VMs defined inline may NOT replace previous VM definitions
2019-05-10 16:32:17,714 - Velocimacro : allowInlineLocal = false : VMs defined inline will be global in scope if allowed.
2019-05-10 16:32:17,714 - Velocimacro : autoload off : VM system will not automatically reload global library macros
2019-05-10 16:32:17,920 - Null reference [template 'tklLoader.xml', line 82, column 97] : ${usage} cannot be resolved.
2019-05-10 16:32:19,923 - Left side ($dependsOnExists) of '==' operation has null value. If a reference, it may not be in the context. Operation not possible. modelLoader [line 34, column 23]
2019-05-10 16:32:19,923 - Null reference [template 'modelLoader', line 49, column 67] : $xml0ESFileAsPath cannot be resolved.
2019-05-10 16:32:19,923 - Null reference [template 'modelLoader', line 50, column 61] : $attachFileAsPath cannot be resolved.
2019-05-10 16:32:21,882 - Null reference [template 'view-parametrages', line 129, column 140] : ${body} cannot be resolved.
2019-05-10 16:32:21,883 - Null reference [template 'view-parametrages', line 271, column 91] : ${description} cannot be resolved.
2019-05-10 16:32:21,895 - Null reference [template 'Parametrages-ini', line 78, column 41] : ${message.momentLabel} cannot be resolved.
2019-05-10 16:32:21,895 - Null reference [template 'Parametrages-ini', line 78, column 67] : $message.activityLabel cannot be resolved.
2019-05-10 16:32:21,895 - Null reference [template 'Parametrages-ini', line 78, column 95] : $message.sequence cannot be resolved.
2019-05-10 16:32:21,895 - Null reference [template 'Parametrages-ini', line 95, column 83] : $message.activityLabel cannot be resolved.
2019-05-10 16:32:21,896 - Null reference [template 'Parametrages-ini', line 96, column 34] : $message.sequence cannot be resolved.
2019-05-10 16:32:21,896 - Left side (${moment}) of '==' operation has null value. If a reference, it may not be in the context. Operation not possible. Parametrages-ini [line 99, column 49]
2019-05-10 16:32:21,896 - Null reference [template 'Parametrages-ini', line 102, column 48] : $message.dateCreation cannot be resolved.
2019-05-10 16:32:21,896 - Null reference [template 'Parametrages-ini', line 110, column 49] : $message.modelName cannot be resolved.
2019-05-10 16:32:21,896 - Null reference [template 'Parametrages-ini', line 121, column 46] : $message.processName cannot be resolved.
2019-05-10 16:32:21,896 - Null reference [template 'Parametrages-ini', line 131, column 107] : $message.activityLabel cannot be resolved.
2019-05-10 16:32:21,896 - Null reference [template 'Parametrages-ini', line 139, column 107] : $message.momentLabel cannot be resolved.
2019-05-10 16:32:21,897 - Null reference [template 'Parametrages-ini', line 147, column 86] : $role cannot be resolved.
2019-05-10 16:32:21,897 - Null reference [template 'Parametrages-ini', line 150, column 62] : ${frontEndLink} cannot be resolved.
2019-05-10 16:32:21,897 - Null reference [template 'Parametrages-ini', line 150, column 114] : ${message.dataObjectId} cannot be resolved.
2019-05-10 16:32:21,897 - Null reference [template 'Parametrages-ini', line 185, column 24] : $message.sequence cannot be resolved.
2019-05-10 16:32:21,897 - Null reference [template 'Parametrages-ini', line 185, column 44] : ${message.momentLabel} cannot be resolved.
2019-05-10 16:32:21,897 - Null reference [template 'Parametrages-ini', line 185, column 81] : $message.activityLabel cannot be resolved.
2019-05-10 16:32:21,898 - Null reference [template 'Parametrages-ini', line 240, column 28] : $pv.cps.getConfigparam().size() cannot be resolved.
2019-05-10 17:29:16,041 - Log4JLogChute initialized using file 'velocity.log'
2019-05-10 17:29:16,042 - Velocity was not initialized! Calling init()...
2019-05-10 17:29:16,043 - Starting Apache Velocity v1.5 (compiled: 2007-02-22 08:52:29)
2019-05-10 17:29:16,043 - Default Properties File: org\apache\velocity\runtime\defaults\velocity.properties
2019-05-10 17:29:16,043 - Trying to use logger class org.apache.velocity.runtime.log.AvalonLogChute
2019-05-10 17:29:16,044 - Couldn't find class org.apache.velocity.runtime.log.AvalonLogChute or necessary supporting classes in classpath.
java.lang.NoClassDefFoundError: org/apache/log/format/Formatter
	at java.lang.Class.forName0(Native Method)
	at java.lang.Class.forName(Class.java:348)
	at org.apache.velocity.util.ClassUtils.getClass(ClassUtils.java:63)
	at org.apache.velocity.util.ClassUtils.getNewInstance(ClassUtils.java:95)
	at org.apache.velocity.runtime.log.LogManager.createLogChute(LogManager.java:147)
	at org.apache.velocity.runtime.log.LogManager.updateLog(LogManager.java:208)
	at org.apache.velocity.runtime.RuntimeInstance.initializeLog(RuntimeInstance.java:728)
	at org.apache.velocity.runtime.RuntimeInstance.init(RuntimeInstance.java:240)
	at org.apache.velocity.runtime.RuntimeInstance.parse(RuntimeInstance.java:993)
	at org.apache.velocity.runtime.RuntimeInstance.parse(RuntimeInstance.java:972)
	at karaz.tools.kbuilder.Helper.loadTemplate(Helper.java:52)
	at karaz.tools.kbuilder.ModelBuilder.buildJxFactory(ModelBuilder.java:195)
	at karaz.tools.kbuilder.ModelBuilder.buildFromXsd(ModelBuilder.java:176)
	at karaz.tools.kbuilder.ModuleBuilder.build(ModuleBuilder.java:126)
	at karaz.tools.kbuilder.mojo.Builder.execute(Builder.java:109)
	at karaz.tools.kbuilder.mojo.BuildAll.execute(BuildAll.java:17)
	at org.apache.maven.plugin.DefaultBuildPluginManager.executeMojo(DefaultBuildPluginManager.java:134)
	at org.apache.maven.lifecycle.internal.MojoExecutor.execute(MojoExecutor.java:207)
	at org.apache.maven.lifecycle.internal.MojoExecutor.execute(MojoExecutor.java:153)
	at org.apache.maven.lifecycle.internal.MojoExecutor.execute(MojoExecutor.java:145)
	at org.apache.maven.lifecycle.internal.LifecycleModuleBuilder.buildProject(LifecycleModuleBuilder.java:116)
	at org.apache.maven.lifecycle.internal.LifecycleModuleBuilder.buildProject(LifecycleModuleBuilder.java:80)
	at org.apache.maven.lifecycle.internal.builder.singlethreaded.SingleThreadedBuilder.build(SingleThreadedBuilder.java:51)
	at org.apache.maven.lifecycle.internal.LifecycleStarter.execute(LifecycleStarter.java:128)
	at org.apache.maven.DefaultMaven.doExecute(DefaultMaven.java:307)
	at org.apache.maven.DefaultMaven.doExecute(DefaultMaven.java:193)
	at org.apache.maven.DefaultMaven.execute(DefaultMaven.java:106)
	at org.apache.maven.cli.MavenCli.execute(MavenCli.java:863)
	at org.apache.maven.cli.MavenCli.doMain(MavenCli.java:288)
	at org.apache.maven.cli.MavenCli.main(MavenCli.java:199)
	at sun.reflect.NativeMethodAccessorImpl.invoke0(Native Method)
	at sun.reflect.NativeMethodAccessorImpl.invoke(NativeMethodAccessorImpl.java:62)
	at sun.reflect.DelegatingMethodAccessorImpl.invoke(DelegatingMethodAccessorImpl.java:43)
	at java.lang.reflect.Method.invoke(Method.java:498)
	at org.codehaus.plexus.classworlds.launcher.Launcher.launchEnhanced(Launcher.java:289)
	at org.codehaus.plexus.classworlds.launcher.Launcher.launch(Launcher.java:229)
	at org.codehaus.plexus.classworlds.launcher.Launcher.mainWithExitCode(Launcher.java:415)
	at org.codehaus.plexus.classworlds.launcher.Launcher.main(Launcher.java:356)
Caused by: java.lang.ClassNotFoundException: org.apache.log.format.Formatter
	at org.codehaus.plexus.classworlds.strategy.SelfFirstStrategy.loadClass(SelfFirstStrategy.java:50)
	at org.codehaus.plexus.classworlds.realm.ClassRealm.unsynchronizedLoadClass(ClassRealm.java:271)
	at org.codehaus.plexus.classworlds.realm.ClassRealm.loadClass(ClassRealm.java:247)
	at org.codehaus.plexus.classworlds.realm.ClassRealm.loadClass(ClassRealm.java:239)
	... 38 more
2019-05-10 17:29:16,050 - Trying to use logger class org.apache.velocity.runtime.log.Log4JLogChute
2019-05-10 17:29:16,050 - Using logger class org.apache.velocity.runtime.log.Log4JLogChute
2019-05-10 17:29:16,056 - Default ResourceManager initializing. (class org.apache.velocity.runtime.resource.ResourceManagerImpl)
2019-05-10 17:29:16,062 - ResourceLoader instantiated: org.apache.velocity.runtime.resource.loader.FileResourceLoader
2019-05-10 17:29:16,064 - Do unicode file recognition:  false
2019-05-10 17:29:16,065 - FileResourceLoader : adding path '.'
2019-05-10 17:29:16,096 - ResourceCache: initialized (class org.apache.velocity.runtime.resource.ResourceCacheImpl)
2019-05-10 17:29:16,099 - Loaded System Directive: org.apache.velocity.runtime.directive.Literal
2019-05-10 17:29:16,102 - Loaded System Directive: org.apache.velocity.runtime.directive.Macro
2019-05-10 17:29:16,106 - Loaded System Directive: org.apache.velocity.runtime.directive.Parse
2019-05-10 17:29:16,108 - Loaded System Directive: org.apache.velocity.runtime.directive.Include
2019-05-10 17:29:16,111 - Loaded System Directive: org.apache.velocity.runtime.directive.Foreach
2019-05-10 17:29:16,173 - Created '20' parsers.
2019-05-10 17:29:16,184 - Velocimacro : "velocimacro.library" is not set.  Trying default library: VM_global_library.vm
2019-05-10 17:29:16,185 - Velocimacro : Default library not found.
2019-05-10 17:29:16,186 - Velocimacro : allowInline = true : VMs can be defined inline in templates
2019-05-10 17:29:16,186 - Velocimacro : allowInlineToOverride = false : VMs defined inline may NOT replace previous VM definitions
2019-05-10 17:29:16,186 - Velocimacro : allowInlineLocal = false : VMs defined inline will be global in scope if allowed.
2019-05-10 17:29:16,186 - Velocimacro : autoload off : VM system will not automatically reload global library macros
2019-05-10 17:29:16,364 - Null reference [template 'tklLoader.xml', line 82, column 97] : ${usage} cannot be resolved.
2019-05-10 17:29:18,298 - Left side ($dependsOnExists) of '==' operation has null value. If a reference, it may not be in the context. Operation not possible. modelLoader [line 34, column 23]
2019-05-10 17:29:18,299 - Null reference [template 'modelLoader', line 49, column 67] : $xml0ESFileAsPath cannot be resolved.
2019-05-10 17:29:18,299 - Null reference [template 'modelLoader', line 50, column 61] : $attachFileAsPath cannot be resolved.
2019-05-10 17:29:20,103 - Null reference [template 'view-parametrages', line 129, column 140] : ${body} cannot be resolved.
2019-05-10 17:29:20,104 - Null reference [template 'view-parametrages', line 271, column 91] : ${description} cannot be resolved.
2019-05-10 17:29:20,116 - Null reference [template 'Parametrages-ini', line 78, column 41] : ${message.momentLabel} cannot be resolved.
2019-05-10 17:29:20,116 - Null reference [template 'Parametrages-ini', line 78, column 67] : $message.activityLabel cannot be resolved.
2019-05-10 17:29:20,116 - Null reference [template 'Parametrages-ini', line 78, column 95] : $message.sequence cannot be resolved.
2019-05-10 17:29:20,116 - Null reference [template 'Parametrages-ini', line 95, column 83] : $message.activityLabel cannot be resolved.
2019-05-10 17:29:20,117 - Null reference [template 'Parametrages-ini', line 96, column 34] : $message.sequence cannot be resolved.
2019-05-10 17:29:20,117 - Left side (${moment}) of '==' operation has null value. If a reference, it may not be in the context. Operation not possible. Parametrages-ini [line 99, column 49]
2019-05-10 17:29:20,117 - Null reference [template 'Parametrages-ini', line 102, column 48] : $message.dateCreation cannot be resolved.
2019-05-10 17:29:20,117 - Null reference [template 'Parametrages-ini', line 110, column 49] : $message.modelName cannot be resolved.
2019-05-10 17:29:20,117 - Null reference [template 'Parametrages-ini', line 121, column 46] : $message.processName cannot be resolved.
2019-05-10 17:29:20,117 - Null reference [template 'Parametrages-ini', line 131, column 107] : $message.activityLabel cannot be resolved.
2019-05-10 17:29:20,117 - Null reference [template 'Parametrages-ini', line 139, column 107] : $message.momentLabel cannot be resolved.
2019-05-10 17:29:20,118 - Null reference [template 'Parametrages-ini', line 147, column 86] : $role cannot be resolved.
2019-05-10 17:29:20,118 - Null reference [template 'Parametrages-ini', line 150, column 62] : ${frontEndLink} cannot be resolved.
2019-05-10 17:29:20,118 - Null reference [template 'Parametrages-ini', line 150, column 114] : ${message.dataObjectId} cannot be resolved.
2019-05-10 17:29:20,118 - Null reference [template 'Parametrages-ini', line 185, column 24] : $message.sequence cannot be resolved.
2019-05-10 17:29:20,118 - Null reference [template 'Parametrages-ini', line 185, column 44] : ${message.momentLabel} cannot be resolved.
2019-05-10 17:29:20,118 - Null reference [template 'Parametrages-ini', line 185, column 81] : $message.activityLabel cannot be resolved.
2019-05-10 17:29:20,119 - Null reference [template 'Parametrages-ini', line 240, column 28] : $pv.cps.getConfigparam().size() cannot be resolved.
